{"meta": {"format": 3, "version": "7.13.5", "timestamp": "2026-04-07T23:00:31.000192", "branch_coverage": true, "show_contexts": false}, "files": {"src/__init__.py": {"executed_lines": [], "summary": {"covered_lines": 0, "num_statements": 0, "percent_covered": 100.0, "percent_covered_display": "100", "missing_lines": 0, "excluded_lines": 0, "percent_statements_covered": 100.0, "percent_statements_covered_display": "100", "num_branches": 0, "num_partial_branches": 0, "covered_branches": 0, "missing_branches": 0, "percent_branches_covered": 100.0, "percent_branches_covered_display": "100"}, "missing_lines": [], "excluded_lines": [], "executed_branches": [], "missing_branches": [], "functions": {"": {"executed_lines": [], "summary": {"covered_lines": 0, "num_statements": 0, "percent_covered": 100.0, "percent_covered_display": "100", "missing_lines": 0, "excluded_lines": 0, "percent_statements_covered": 100.0, "percent_statements_covered_display": "100", "num_branches": 0, "num_partial_branches": 0, "covered_branches": 0, "missing_branches": 0, "percent_branches_covered": 100.0, "percent_branches_covered_display": "100"}, "missing_lines": [], "excluded_lines": [], "start_line": 1, "executed_branches": [], "missing_branches": []}}, "classes": {"": {"executed_lines": [], "summary": {"covered_lines": 0, "num_statements": 0, "percent_covered": 100.0, "percent_covered_display": "100", "missing_lines": 0, "excluded_lines": 0, "percent_statements_covered": 100.0, "percent_statements_covered_display": "100", "num_branches": 0, "num_partial_branches": 0, "covered_branches": 0, "missing_branches": 0, "percent_branches_covered": 100.0, "percent_branches_covered_display": "100"}, "missing_lines": [], "excluded_lines": [], "start_line": 1, "executed_branches": [], "missing_branches": []}}}, "src/rgb_control/__init__.py": {"executed_lines": [], "summary": {"covered_lines": 0, "num_statements": 0, "percent_covered": 100.0, "percent_covered_display": "100", "missing_lines": 0, "excluded_lines": 0, "percent_statements_covered": 100.0, "percent_statements_covered_display": "100", "num_branches": 0, "num_partial_branches": 0, "covered_branches": 0, "missing_branches": 0, "percent_branches_covered": 100.0, "percent_branches_covered_display": "100"}, "missing_lines": [], "excluded_lines": [], "executed_branches": [], "missing_branches": [], "functions": {"": {"executed_lines": [], "summary": {"covered_lines": 0, "num_statements": 0, "percent_covered": 100.0, "percent_covered_display": "100", "missing_lines": 0, "excluded_lines": 0, "percent_statements_covered": 100.0, "percent_statements_covered_display": "100", "num_branches": 0, "num_partial_branches": 0, "covered_branches": 0, "missing_branches": 0, "percent_branches_covered": 100.0, "percent_branches_covered_display": "100"}, "missing_lines": [], "excluded_lines": [], "start_line": 1, "executed_branches": [], "missing_branches": []}}, "classes": {"": {"executed_lines": [], "summary": {"covered_lines": 0, "num_statements": 0, "percent_covered": 100.0, "percent_covered_display": "100", "missing_lines": 0, "excluded_lines": 0, "percent_statements_covered": 100.0, "percent_statements_covered_display": "100", "num_branches": 0, "num_partial_branches": 0, "covered_branches": 0, "missing_branches": 0, "percent_branches_covered": 100.0, "percent_branches_covered_display": "100"}, "missing_lines": [], "excluded_lines": [], "start_line": 1, "executed_branches": [], "missing_branches": []}}}, "src/rgb_control/backend.py": {"executed_lines": [1, 2, 4, 5, 6, 7, 9, 11, 12, 14, 17, 19, 20, 21, 22, 23, 25, 27, 28, 29, 30, 34, 36, 38, 39, 40, 44, 46, 47, 48, 50, 51, 52, 54, 58, 63, 64, 66, 70, 71, 76, 77, 78, 82, 84, 92, 95, 97, 98, 99, 101, 102, 103, 105, 106, 108, 109, 110, 111], "summary": {"covered_lines": 59, "num_statements": 79, "percent_covered": 74.19354838709677, "percent_covered_display": "74", "missing_lines": 20, "excluded_lines": 0, "percent_statements_covered": 74.68354430379746, "percent_statements_covered_display": "75", "num_branches": 14, "num_partial_branches": 2, "covered_branches": 10, "missing_branches": 4, "percent_branches_covered": 71.42857142857143, "percent_branches_covered_display": "71"}, "missing_lines": [31, 32, 37, 41, 42, 55, 56, 73, 74, 79, 80, 85, 86, 87, 88, 89, 90, 91, 112, 113], "excluded_lines": [], "executed_branches": [[36, 38], [50, -44], [50, 51], [70, 71], [70, 76], [84, 92], [98, 99], [98, 101], [109, 110], [109, 111]], "missing_branches": [[36, 37], [84, 85], [88, 89], [88, 92]], "functions": {"Backend.__init__": {"executed_lines": [11, 12, 14], "summary": {"covered_lines": 3, "num_statements": 3, "percent_covered": 100.0, "percent_covered_display": "100", "missing_lines": 0, "excluded_lines": 0, "percent_statements_covered": 100.0, "percent_statements_covered_display": "100", "num_branches": 0, "num_partial_branches": 0, "covered_branches": 0, "missing_branches": 0, "percent_branches_covered": 100.0, "percent_branches_covered_display": "100"}, "missing_lines": [], "excluded_lines": [], "start_line": 9, "executed_branches": [], "missing_branches": []}, "Backend.is_service_active": {"executed_lines": [19, 20, 21, 22, 23], "summary": {"covered_lines": 5, "num_statements": 5, "percent_covered": 100.0, "percent_covered_display": "100", "missing_lines": 0, "excluded_lines": 0, "percent_statements_covered": 100.0, "percent_statements_covered_display": "100", "num_branches": 0, "num_partial_branches": 0, "covered_branches": 0, "missing_branches": 0, "percent_branches_covered": 100.0, "percent_branches_covered_display": "100"}, "missing_lines": [], "excluded_lines": [], "start_line": 17, "executed_branches": [], "missing_branches": []}, "Backend.set_service_state": {"executed_lines": [27, 28, 29, 30], "summary": {"covered_lines": 4, "num_statements": 6, "percent_covered": 66.66666666666667, "percent_covered_display": "67", "missing_lines": 2, "excluded_lines": 0, "percent_statements_covered": 66.66666666666667, "percent_statements_covered_display": "67", "num_branches": 0, "num_partial_branches": 0, "covered_branches": 0, "missing_branches": 0, "percent_branches_covered": 100.0, "percent_branches_covered_display": "100"}, "missing_lines": [31, 32], "excluded_lines": [], "start_line": 25, "executed_branches": [], "missing_branches": []}, "Backend.is_led_mode_active": {"executed_lines": [36, 38, 39, 40], "summary": {"covered_lines": 4, "num_statements": 7, "percent_covered": 55.55555555555556, "percent_covered_display": "56", "missing_lines": 3, "excluded_lines": 0, "percent_statements_covered": 57.142857142857146, "percent_statements_covered_display": "57", "num_branches": 2, "num_partial_branches": 1, "covered_branches": 1, "missing_branches": 1, "percent_branches_covered": 50.0, "percent_branches_covered_display": "50"}, "missing_lines": [37, 41, 42], "excluded_lines": [], "start_line": 34, "executed_branches": [[36, 38]], "missing_branches": [[36, 37]]}, "Backend.set_led_mode": {"executed_lines": [46, 47, 48, 50, 51, 52, 54], "summary": {"covered_lines": 7, "num_statements": 9, "percent_covered": 81.81818181818181, "percent_covered_display": "82", "missing_lines": 2, "excluded_lines": 0, "percent_statements_covered": 77.77777777777777, "percent_statements_covered_display": "78", "num_branches": 2, "num_partial_branches": 0, "covered_branches": 2, "missing_branches": 0, "percent_branches_covered": 100.0, "percent_branches_covered_display": "100"}, "missing_lines": [55, 56], "excluded_lines": [], "start_line": 44, "executed_branches": [[50, -44], [50, 51]], "missing_branches": []}, "Backend.apply_color": {"executed_lines": [63, 64, 66, 70, 71, 76, 77, 78], "summary": {"covered_lines": 8, "num_statements": 12, "percent_covered": 71.42857142857143, "percent_covered_display": "71", "missing_lines": 4, "excluded_lines": 0, "percent_statements_covered": 66.66666666666667, "percent_statements_covered_display": "67", "num_branches": 2, "num_partial_branches": 0, "covered_branches": 2, "missing_branches": 0, "percent_branches_covered": 100.0, "percent_branches_covered_display": "100"}, "missing_lines": [73, 74, 79, 80], "excluded_lines": [], "start_line": 58, "executed_branches": [[70, 71], [70, 76]], "missing_branches": []}, "Backend.get_current_color": {"executed_lines": [84, 92], "summary": {"covered_lines": 2, "num_statements": 9, "percent_covered": 23.076923076923077, "percent_covered_display": "23", "missing_lines": 7, "excluded_lines": 0, "percent_statements_covered": 22.22222222222222, "percent_statements_covered_display": "22", "num_branches": 4, "num_partial_branches": 1, "covered_branches": 1, "missing_branches": 3, "percent_branches_covered": 25.0, "percent_branches_covered_display": "25"}, "missing_lines": [85, 86, 87, 88, 89, 90, 91], "excluded_lines": [], "start_line": 82, "executed_branches": [[84, 92]], "missing_branches": [[84, 85], [88, 89], [88, 92]]}, "Backend.get_daemon_logs": {"executed_lines": [97, 98, 99, 101, 102, 103, 105, 106, 108, 109, 110, 111], "summary": {"covered_lines": 12, "num_statements": 14, "percent_covered": 88.88888888888889, "percent_covered_display": "89", "missing_lines": 2, "excluded_lines": 0, "percent_statements_covered": 85.71428571428571, "percent_statements_covered_display": "86", "num_branches": 4, "num_partial_branches": 0, "covered_branches": 4, "missing_branches": 0, "percent_branches_covered": 100.0, "percent_branches_covered_display": "100"}, "missing_lines": [112, 113], "excluded_lines": [], "start_line": 95, "executed_branches": [[98, 99], [98, 101], [109, 110], [109, 111]], "missing_branches": []}, "": {"executed_lines": [1, 2, 4, 5, 6, 7, 9, 17, 25, 34, 44, 58, 82, 95], "summary": {"covered_lines": 14, "num_statements": 14, "percent_covered": 100.0, "percent_covered_display": "100", "missing_lines": 0, "excluded_lines": 0, "percent_statements_covered": 100.0, "percent_statements_covered_display": "100", "num_branches": 0, "num_partial_branches": 0, "covered_branches": 0, "missing_branches": 0, "percent_branches_covered": 100.0, "percent_branches_covered_display": "100"}, "missing_lines": [], "excluded_lines": [], "start_line": 1, "executed_branches": [], "missing_branches": []}}, "classes": {"Backend": {"executed_lines": [11, 12, 14, 19, 20, 21, 22, 23, 27, 28, 29, 30, 36, 38, 39, 40, 46, 47, 48, 50, 51, 52, 54, 63, 64, 66, 70, 71, 76, 77, 78, 84, 92, 97, 98, 99, 101, 102, 103, 105, 106, 108, 109, 110, 111], "summary": {"covered_lines": 45, "num_statements": 65, "percent_covered": 69.62025316455696, "percent_covered_display": "70", "missing_lines": 20, "excluded_lines": 0, "percent_statements_covered": 69.23076923076923, "percent_statements_covered_display": "69", "num_branches": 14, "num_partial_branches": 2, "covered_branches": 10, "missing_branches": 4, "percent_branches_covered": 71.42857142857143, "percent_branches_covered_display": "71"}, "missing_lines": [31, 32, 37, 41, 42, 55, 56, 73, 74, 79, 80, 85, 86, 87, 88, 89, 90, 91, 112, 113], "excluded_lines": [], "start_line": 4, "executed_branches": [[36, 38], [50, -44], [50, 51], [70, 71], [70, 76], [84, 92], [98, 99], [98, 101], [109, 110], [109, 111]], "missing_branches": [[36, 37], [84, 85], [88, 89], [88, 92]]}, "": {"executed_lines": [1, 2, 4, 5, 6, 7, 9, 17, 25, 34, 44, 58, 82, 95], "summary": {"covered_lines": 14, "num_statements": 14, "percent_covered": 100.0, "percent_covered_display": "100", "missing_lines": 0, "excluded_lines": 0, "percent_statements_covered": 100.0, "percent_statements_covered_display": "100", "num_branches": 0, "num_partial_branches": 0, "covered_branches": 0, "missing_branches": 0, "percent_branches_covered": 100.0, "percent_branches_covered_display": "100"}, "missing_lines": [], "excluded_lines": [], "start_line": 1, "executed_branches": [], "missing_branches": []}}}, "src/rgb_control/main.py": {"executed_lines": [1, 2, 3, 4, 5, 7, 8, 10, 12, 13, 14, 15, 20, 22, 23, 27, 28, 29, 30, 31, 32, 33, 34, 36, 37, 39, 41, 42, 43, 44, 47, 48, 49, 50, 52, 58, 59, 62, 64, 76, 77, 78, 83, 84, 89, 90, 93, 94, 95, 96, 103, 104, 106, 107, 108, 110, 119], "summary": {"covered_lines": 57, "num_statements": 84, "percent_covered": 64.8936170212766, "percent_covered_display": "65", "missing_lines": 27, "excluded_lines": 0, "percent_statements_covered": 67.85714285714286, "percent_statements_covered_display": "68", "num_branches": 10, "num_partial_branches": 4, "covered_branches": 4, "missing_branches": 6, "percent_branches_covered": 40.0, "percent_branches_covered_display": "40"}, "missing_lines": [24, 25, 53, 54, 55, 56, 65, 66, 67, 68, 69, 70, 71, 72, 73, 74, 85, 86, 91, 111, 112, 113, 114, 115, 116, 117, 120], "excluded_lines": [], "executed_branches": [[84, 89], [90, 93], [93, 94], [119, -1]], "missing_branches": [[84, 85], [90, 91], [93, 103], [112, 113], [112, 115], [119, 120]], "functions": {"SplashWindow.__init__": {"executed_lines": [29, 30, 31, 32, 33, 34, 36, 37, 39, 41, 42, 43, 44, 47, 48, 49, 50, 52, 58, 59, 62], "summary": {"covered_lines": 21, "num_statements": 25, "percent_covered": 84.0, "percent_covered_display": "84", "missing_lines": 4, "excluded_lines": 0, "percent_statements_covered": 84.0, "percent_statements_covered_display": "84", "num_branches": 0, "num_partial_branches": 0, "covered_branches": 0, "missing_branches": 0, "percent_branches_covered": 100.0, "percent_branches_covered_display": "100"}, "missing_lines": [53, 54, 55, 56], "excluded_lines": [], "start_line": 28, "executed_branches": [], "missing_branches": []}, "SplashWindow._finish_splash": {"executed_lines": [], "summary": {"covered_lines": 0, "num_statements": 10, "percent_covered": 0.0, "percent_covered_display": "0", "missing_lines": 10, "excluded_lines": 0, "percent_statements_covered": 0.0, "percent_statements_covered_display": "0", "num_branches": 0, "num_partial_branches": 0, "covered_branches": 0, "missing_branches": 0, "percent_branches_covered": 100.0, "percent_branches_covered_display": "100"}, "missing_lines": [65, 66, 67, 68, 69, 70, 71, 72, 73, 74], "excluded_lines": [], "start_line": 64, "executed_branches": [], "missing_branches": []}, "RgbControlApp.__init__": {"executed_lines": [78], "summary": {"covered_lines": 1, "num_statements": 1, "percent_covered": 100.0, "percent_covered_display": "100", "missing_lines": 0, "excluded_lines": 0, "percent_statements_covered": 100.0, "percent_statements_covered_display": "100", "num_branches": 0, "num_partial_branches": 0, "covered_branches": 0, "missing_branches": 0, "percent_branches_covered": 100.0, "percent_branches_covered_display": "100"}, "missing_lines": [], "excluded_lines": [], "start_line": 77, "executed_branches": [], "missing_branches": []}, "RgbControlApp.do_activate": {"executed_lines": [84, 89, 90, 93, 94, 95, 96, 103, 104], "summary": {"covered_lines": 9, "num_statements": 12, "percent_covered": 66.66666666666667, "percent_covered_display": "67", "missing_lines": 3, "excluded_lines": 0, "percent_statements_covered": 75.0, "percent_statements_covered_display": "75", "num_branches": 6, "num_partial_branches": 3, "covered_branches": 3, "missing_branches": 3, "percent_branches_covered": 50.0, "percent_branches_covered_display": "50"}, "missing_lines": [85, 86, 91], "excluded_lines": [], "start_line": 83, "executed_branches": [[84, 89], [90, 93], [93, 94]], "missing_branches": [[84, 85], [90, 91], [93, 103]]}, "RgbControlApp.on_splash_finished": {"executed_lines": [107, 108], "summary": {"covered_lines": 2, "num_statements": 2, "percent_covered": 100.0, "percent_covered_display": "100", "missing_lines": 0, "excluded_lines": 0, "percent_statements_covered": 100.0, "percent_statements_covered_display": "100", "num_branches": 0, "num_partial_branches": 0, "covered_branches": 0, "missing_branches": 0, "percent_branches_covered": 100.0, "percent_branches_covered_display": "100"}, "missing_lines": [], "excluded_lines": [], "start_line": 106, "executed_branches": [], "missing_branches": []}, "main": {"executed_lines": [], "summary": {"covered_lines": 0, "num_statements": 7, "percent_covered": 0.0, "percent_covered_display": "0", "missing_lines": 7, "excluded_lines": 0, "percent_statements_covered": 0.0, "percent_statements_covered_display": "0", "num_branches": 2, "num_partial_branches": 0, "covered_branches": 0, "missing_branches": 2, "percent_branches_covered": 0.0, "percent_branches_covered_display": "0"}, "missing_lines": [111, 112, 113, 114, 115, 116, 117], "excluded_lines": [], "start_line": 110, "executed_branches": [], "missing_branches": [[112, 113], [112, 115]]}, "": {"executed_lines": [1, 2, 3, 4, 5, 7, 8, 10, 12, 13, 14, 15, 20, 22, 23, 27, 28, 64, 76, 77, 83, 106, 110, 119], "summary": {"covered_lines": 24, "num_statements": 27, "percent_covered": 86.20689655172414, "percent_covered_display": "86", "missing_lines": 3, "excluded_lines": 0, "percent_statements_covered": 88.88888888888889, "percent_statements_covered_display": "89", "num_branches": 2, "num_partial_branches": 1, "covered_branches": 1, "missing_branches": 1, "percent_branches_covered": 50.0, "percent_branches_covered_display": "50"}, "missing_lines": [24, 25, 120], "excluded_lines": [], "start_line": 1, "executed_branches": [[119, -1]], "missing_branches": [[119, 120]]}}, "classes": {"SplashWindow": {"executed_lines": [29, 30, 31, 32, 33, 34, 36, 37, 39, 41, 42, 43, 44, 47, 48, 49, 50, 52, 58, 59, 62], "summary": {"covered_lines": 21, "num_statements": 35, "percent_covered": 60.0, "percent_covered_display": "60", "missing_lines": 14, "excluded_lines": 0, "percent_statements_covered": 60.0, "percent_statements_covered_display": "60", "num_branches": 0, "num_partial_branches": 0, "covered_branches": 0, "missing_branches": 0, "percent_branches_covered": 100.0, "percent_branches_covered_display": "100"}, "missing_lines": [53, 54, 55, 56, 65, 66, 67, 68, 69, 70, 71, 72, 73, 74], "excluded_lines": [], "start_line": 27, "executed_branches": [], "missing_branches": []}, "RgbControlApp": {"executed_lines": [78, 84, 89, 90, 93, 94, 95, 96, 103, 104, 107, 108], "summary": {"covered_lines": 12, "num_statements": 15, "percent_covered": 71.42857142857143, "percent_covered_display": "71", "missing_lines": 3, "excluded_lines": 0, "percent_statements_covered": 80.0, "percent_statements_covered_display": "80", "num_branches": 6, "num_partial_branches": 3, "covered_branches": 3, "missing_branches": 3, "percent_branches_covered": 50.0, "percent_branches_covered_display": "50"}, "missing_lines": [85, 86, 91], "excluded_lines": [], "start_line": 76, "executed_branches": [[84, 89], [90, 93], [93, 94]], "missing_branches": [[84, 85], [90, 91], [93, 103]]}, "": {"executed_lines": [1, 2, 3, 4, 5, 7, 8, 10, 12, 13, 14, 15, 20, 22, 23, 27, 28, 64, 76, 77, 83, 106, 110, 119], "summary": {"covered_lines": 24, "num_statements": 34, "percent_covered": 65.78947368421052, "percent_covered_display": "66", "missing_lines": 10, "excluded_lines": 0, "percent_statements_covered": 70.58823529411765, "percent_statements_covered_display": "71", "num_branches": 4, "num_partial_branches": 1, "covered_branches": 1, "missing_branches": 3, "percent_branches_covered": 25.0, "percent_branches_covered_display": "25"}, "missing_lines": [24, 25, 111, 112, 113, 114, 115, 116, 117, 120], "excluded_lines": [], "start_line": 1, "executed_branches": [[119, -1]], "missing_branches": [[112, 113], [112, 115], [119, 120]]}}}, "src/rgb_control/utils.py": {"executed_lines": [1, 3, 5, 10, 11, 12, 14, 16, 17, 18, 19, 21, 22, 23, 24, 25, 26, 27], "summary": {"covered_lines": 18, "num_statements": 18, "percent_covered": 100.0, "percent_covered_display": "100", "missing_lines": 0, "excluded_lines": 0, "percent_statements_covered": 100.0, "percent_statements_covered_display": "100", "num_branches": 4, "num_partial_branches": 0, "covered_branches": 4, "missing_branches": 0, "percent_branches_covered": 100.0, "percent_branches_covered_display": "100"}, "missing_lines": [], "excluded_lines": [], "executed_branches": [[11, 12], [11, 14], [16, 17], [16, 21]], "missing_branches": [], "functions": {"hex_to_rgba_tuple": {"executed_lines": [10, 11, 12, 14, 16, 17, 18, 19, 21, 22, 23, 24, 25, 26, 27], "summary": {"covered_lines": 15, "num_statements": 15, "percent_covered": 100.0, "percent_covered_display": "100", "missing_lines": 0, "excluded_lines": 0, "percent_statements_covered": 100.0, "percent_statements_covered_display": "100", "num_branches": 4, "num_partial_branches": 0, "covered_branches": 4, "missing_branches": 0, "percent_branches_covered": 100.0, "percent_branches_covered_display": "100"}, "missing_lines": [], "excluded_lines": [], "start_line": 5, "executed_branches": [[11, 12], [11, 14], [16, 17], [16, 21]], "missing_branches": []}, "": {"executed_lines": [1, 3, 5], "summary": {"covered_lines": 3, "num_statements": 3, "percent_covered": 100.0, "percent_covered_display": "100", "missing_lines": 0, "excluded_lines": 0, "percent_statements_covered": 100.0, "percent_statements_covered_display": "100", "num_branches": 0, "num_partial_branches": 0, "covered_branches": 0, "missing_branches": 0, "percent_branches_covered": 100.0, "percent_branches_covered_display": "100"}, "missing_lines": [], "excluded_lines": [], "start_line": 1, "executed_branches": [], "missing_branches": []}}, "classes": {"": {"executed_lines": [1, 3, 5, 10, 11, 12, 14, 16, 17, 18, 19, 21, 22, 23, 24, 25, 26, 27], "summary": {"covered_lines": 18, "num_statements": 18, "percent_covered": 100.0, "percent_covered_display": "100", "missing_lines": 0, "excluded_lines": 0, "percent_statements_covered": 100.0, "percent_statements_covered_display": "100", "num_branches": 4, "num_partial_branches": 0, "covered_branches": 4, "missing_branches": 0, "percent_branches_covered": 100.0, "percent_branches_covered_display": "100"}, "missing_lines": [], "excluded_lines": [], "start_line": 1, "executed_branches": [[11, 12], [11, 14], [16, 17], [16, 21]], "missing_branches": []}}}, "src/rgb_control/window.py": {"executed_lines": [1, 2, 4, 5, 7, 8, 9, 10, 12, 14, 17, 18, 21, 22, 23, 24, 25, 28, 29, 32, 34, 35, 36, 37, 38, 40, 41, 44, 45, 48, 51, 52, 55, 56, 59, 60, 61, 62, 63, 64, 65, 66, 67, 68, 69, 72, 73, 74, 76, 77, 78, 79, 81, 82, 83, 84, 85, 86, 89, 90, 91, 92, 94, 95, 96, 98, 100, 101, 102, 104, 109, 110, 112, 113, 114, 115, 116, 117, 119, 120, 121, 122, 123, 124, 126, 129, 130, 133, 134, 135, 136, 139, 140, 141, 144, 145, 148, 149, 150, 151, 152, 155, 156, 157, 159, 160, 161, 163, 164, 165, 168, 169, 170, 171, 172, 175, 176, 178, 182, 183, 185, 186, 187, 188, 190, 193, 194, 195, 198, 200, 207, 208, 209, 210, 211, 212, 213, 216, 217, 218, 219, 221, 222, 223, 225, 226, 227, 228, 229, 230, 231, 233, 236, 237, 239, 240, 241, 243, 244, 245, 246, 247, 249, 250, 254, 255, 257, 258, 259, 260, 261, 263, 264, 267, 268, 269, 270, 271, 273, 274, 275, 276, 278, 279, 280, 282, 283, 286, 287, 289, 291, 292, 296, 334, 336, 337, 339, 340, 341, 343, 346, 349, 350, 354, 355, 356, 357, 358, 363, 365, 367, 368, 369, 370, 372, 373, 374, 376, 377, 378, 380, 394, 395, 396, 401, 402, 403, 404, 406, 413, 415, 416, 417, 419, 421, 426, 427, 428, 434, 435, 436, 438, 443], "summary": {"covered_lines": 243, "num_statements": 270, "percent_covered": 87.90849673202614, "percent_covered_display": "88", "missing_lines": 27, "excluded_lines": 0, "percent_statements_covered": 90.0, "percent_statements_covered_display": "90", "num_branches": 36, "num_partial_branches": 4, "covered_branches": 26, "missing_branches": 10, "percent_branches_covered": 72.22222222222223, "percent_branches_covered_display": "72"}, "missing_lines": [30, 381, 382, 383, 384, 385, 386, 387, 388, 389, 390, 391, 397, 398, 399, 407, 408, 409, 410, 411, 422, 423, 430, 431, 439, 440, 441], "excluded_lines": [], "executed_branches": [[21, 22], [21, 28], [22, 21], [22, 23], [24, 22], [24, 25], [29, 32], [90, 91], [90, 109], [217, 218], [217, 221], [225, 226], [225, 233], [269, 270], [269, 273], [336, 337], [336, 339], [355, 356], [355, 365], [395, 396], [421, 426], [426, 427], [427, 428], [427, 434], [434, 435], [434, 438]], "missing_branches": [[29, 30], [381, 382], [381, 383], [386, 387], [386, 391], [395, 397], [421, 422], [426, 430], [430, 431], [430, 434]], "functions": {"get_asset_path": {"executed_lines": [17, 18, 21, 22, 23, 24, 25, 28, 29, 32], "summary": {"covered_lines": 10, "num_statements": 11, "percent_covered": 89.47368421052632, "percent_covered_display": "89", "missing_lines": 1, "excluded_lines": 0, "percent_statements_covered": 90.9090909090909, "percent_statements_covered_display": "91", "num_branches": 8, "num_partial_branches": 1, "covered_branches": 7, "missing_branches": 1, "percent_branches_covered": 87.5, "percent_branches_covered_display": "88"}, "missing_lines": [30], "excluded_lines": [], "start_line": 14, "executed_branches": [[21, 22], [21, 28], [22, 21], [22, 23], [24, 22], [24, 25], [29, 32]], "missing_branches": [[29, 30]]}, "MainWindow.__init__": {"executed_lines": [36, 37, 38, 40, 41, 44, 45, 48, 51, 52, 55, 56, 59, 60, 61, 62, 63, 64, 65, 66, 67, 68, 69, 72, 73, 74, 76, 77, 78, 79, 81, 82, 83, 84, 85, 86, 89, 90, 91, 92, 94, 95, 96, 98, 100, 101, 102, 104, 109, 110, 112, 113, 114, 115, 116, 117, 119, 120, 121, 122, 123, 124, 126, 129, 130, 133, 134, 135, 136, 139, 140, 141, 144, 145, 148, 149, 150, 151, 152, 155, 156, 157, 159, 160, 161, 163, 164, 165, 168, 169, 170, 171, 172, 175, 176, 178, 182, 183, 185, 186, 187, 188, 190, 193, 194, 195, 198, 200, 207, 208, 209, 210, 211, 212, 213, 216, 217, 218, 219, 221, 222, 223, 225, 226, 227, 228, 229, 230, 231, 233, 236, 237, 239, 240, 241, 243, 244, 245, 246, 247, 249, 250, 254, 255, 257, 258, 259, 260, 261, 263, 264, 267, 268, 269, 270, 271, 273, 274, 275, 276, 278, 279, 280, 282, 283, 286, 287], "summary": {"covered_lines": 167, "num_statements": 167, "percent_covered": 100.0, "percent_covered_display": "100", "missing_lines": 0, "excluded_lines": 0, "percent_statements_covered": 100.0, "percent_statements_covered_display": "100", "num_branches": 8, "num_partial_branches": 0, "covered_branches": 8, "missing_branches": 0, "percent_branches_covered": 100.0, "percent_branches_covered_display": "100"}, "missing_lines": [], "excluded_lines": [], "start_line": 35, "executed_branches": [[90, 91], [90, 109], [217, 218], [217, 221], [225, 226], [225, 233], [269, 270], [269, 273]], "missing_branches": []}, "MainWindow.update_cpu_indicator": {"executed_lines": [291, 292, 296, 334, 336, 337, 339, 340, 341, 343], "summary": {"covered_lines": 10, "num_statements": 10, "percent_covered": 100.0, "percent_covered_display": "100", "missing_lines": 0, "excluded_lines": 0, "percent_statements_covered": 100.0, "percent_statements_covered_display": "100", "num_branches": 2, "num_partial_branches": 0, "covered_branches": 2, "missing_branches": 0, "percent_branches_covered": 100.0, "percent_branches_covered_display": "100"}, "missing_lines": [], "excluded_lines": [], "start_line": 289, "executed_branches": [[336, 337], [336, 339]], "missing_branches": []}, "MainWindow.load_custom_css": {"executed_lines": [349, 350, 354, 355, 356, 357, 358, 363, 365], "summary": {"covered_lines": 9, "num_statements": 9, "percent_covered": 100.0, "percent_covered_display": "100", "missing_lines": 0, "excluded_lines": 0, "percent_statements_covered": 100.0, "percent_statements_covered_display": "100", "num_branches": 2, "num_partial_branches": 0, "covered_branches": 2, "missing_branches": 0, "percent_branches_covered": 100.0, "percent_branches_covered_display": "100"}, "missing_lines": [], "excluded_lines": [], "start_line": 346, "executed_branches": [[355, 356], [355, 365]], "missing_branches": []}, "MainWindow.setup_actions": {"executed_lines": [368, 369, 370, 372, 373, 374, 376, 377, 378], "summary": {"covered_lines": 9, "num_statements": 9, "percent_covered": 100.0, "percent_covered_display": "100", "missing_lines": 0, "excluded_lines": 0, "percent_statements_covered": 100.0, "percent_statements_covered_display": "100", "num_branches": 0, "num_partial_branches": 0, "covered_branches": 0, "missing_branches": 0, "percent_branches_covered": 100.0, "percent_branches_covered_display": "100"}, "missing_lines": [], "excluded_lines": [], "start_line": 367, "executed_branches": [], "missing_branches": []}, "MainWindow.on_service_notify": {"executed_lines": [], "summary": {"covered_lines": 0, "num_statements": 11, "percent_covered": 0.0, "percent_covered_display": "0", "missing_lines": 11, "excluded_lines": 0, "percent_statements_covered": 0.0, "percent_statements_covered_display": "0", "num_branches": 4, "num_partial_branches": 0, "covered_branches": 0, "missing_branches": 4, "percent_branches_covered": 0.0, "percent_branches_covered_display": "0"}, "missing_lines": [381, 382, 383, 384, 385, 386, 387, 388, 389, 390, 391], "excluded_lines": [], "start_line": 380, "executed_branches": [], "missing_branches": [[381, 382], [381, 383], [386, 387], [386, 391]]}, "MainWindow.on_mode_notify": {"executed_lines": [395, 396], "summary": {"covered_lines": 2, "num_statements": 5, "percent_covered": 42.857142857142854, "percent_covered_display": "43", "missing_lines": 3, "excluded_lines": 0, "percent_statements_covered": 40.0, "percent_statements_covered_display": "40", "num_branches": 2, "num_partial_branches": 1, "covered_branches": 1, "missing_branches": 1, "percent_branches_covered": 50.0, "percent_branches_covered_display": "50"}, "missing_lines": [397, 398, 399], "excluded_lines": [], "start_line": 394, "executed_branches": [[395, 396]], "missing_branches": [[395, 397]]}, "MainWindow.on_color_clicked": {"executed_lines": [402, 403, 404], "summary": {"covered_lines": 3, "num_statements": 3, "percent_covered": 100.0, "percent_covered_display": "100", "missing_lines": 0, "excluded_lines": 0, "percent_statements_covered": 100.0, "percent_statements_covered_display": "100", "num_branches": 0, "num_partial_branches": 0, "covered_branches": 0, "missing_branches": 0, "percent_branches_covered": 100.0, "percent_branches_covered_display": "100"}, "missing_lines": [], "excluded_lines": [], "start_line": 401, "executed_branches": [], "missing_branches": []}, "MainWindow.on_custom_color_selected": {"executed_lines": [], "summary": {"covered_lines": 0, "num_statements": 5, "percent_covered": 0.0, "percent_covered_display": "0", "missing_lines": 5, "excluded_lines": 0, "percent_statements_covered": 0.0, "percent_statements_covered_display": "0", "num_branches": 0, "num_partial_branches": 0, "covered_branches": 0, "missing_branches": 0, "percent_branches_covered": 100.0, "percent_branches_covered_display": "100"}, "missing_lines": [407, 408, 409, 410, 411], "excluded_lines": [], "start_line": 406, "executed_branches": [], "missing_branches": []}, "MainWindow.update_status_ui": {"executed_lines": [415, 416, 417, 419, 421, 426, 427, 428, 434, 435, 436, 438, 443], "summary": {"covered_lines": 13, "num_statements": 20, "percent_covered": 63.333333333333336, "percent_covered_display": "63", "missing_lines": 7, "excluded_lines": 0, "percent_statements_covered": 65.0, "percent_statements_covered_display": "65", "num_branches": 10, "num_partial_branches": 2, "covered_branches": 6, "missing_branches": 4, "percent_branches_covered": 60.0, "percent_branches_covered_display": "60"}, "missing_lines": [422, 423, 430, 431, 439, 440, 441], "excluded_lines": [], "start_line": 413, "executed_branches": [[421, 426], [426, 427], [427, 428], [427, 434], [434, 435], [434, 438]], "missing_branches": [[421, 422], [426, 430], [430, 431], [430, 434]]}, "": {"executed_lines": [1, 2, 4, 5, 7, 8, 9, 10, 12, 14, 34, 35, 289, 346, 367, 380, 394, 401, 406, 413], "summary": {"covered_lines": 20, "num_statements": 20, "percent_covered": 100.0, "percent_covered_display": "100", "missing_lines": 0, "excluded_lines": 0, "percent_statements_covered": 100.0, "percent_statements_covered_display": "100", "num_branches": 0, "num_partial_branches": 0, "covered_branches": 0, "missing_branches": 0, "percent_branches_covered": 100.0, "percent_branches_covered_display": "100"}, "missing_lines": [], "excluded_lines": [], "start_line": 1, "executed_branches": [], "missing_branches": []}}, "classes": {"MainWindow": {"executed_lines": [36, 37, 38, 40, 41, 44, 45, 48, 51, 52, 55, 56, 59, 60, 61, 62, 63, 64, 65, 66, 67, 68, 69, 72, 73, 74, 76, 77, 78, 79, 81, 82, 83, 84, 85, 86, 89, 90, 91, 92, 94, 95, 96, 98, 100, 101, 102, 104, 109, 110, 112, 113, 114, 115, 116, 117, 119, 120, 121, 122, 123, 124, 126, 129, 130, 133, 134, 135, 136, 139, 140, 141, 144, 145, 148, 149, 150, 151, 152, 155, 156, 157, 159, 160, 161, 163, 164, 165, 168, 169, 170, 171, 172, 175, 176, 178, 182, 183, 185, 186, 187, 188, 190, 193, 194, 195, 198, 200, 207, 208, 209, 210, 211, 212, 213, 216, 217, 218, 219, 221, 222, 223, 225, 226, 227, 228, 229, 230, 231, 233, 236, 237, 239, 240, 241, 243, 244, 245, 246, 247, 249, 250, 254, 255, 257, 258, 259, 260, 261, 263, 264, 267, 268, 269, 270, 271, 273, 274, 275, 276, 278, 279, 280, 282, 283, 286, 287, 291, 292, 296, 334, 336, 337, 339, 340, 341, 343, 349, 350, 354, 355, 356, 357, 358, 363, 365, 368, 369, 370, 372, 373, 374, 376, 377, 378, 395, 396, 402, 403, 404, 415, 416, 417, 419, 421, 426, 427, 428, 434, 435, 436, 438, 443], "summary": {"covered_lines": 213, "num_statements": 239, "percent_covered": 86.89138576779027, "percent_covered_display": "87", "missing_lines": 26, "excluded_lines": 0, "percent_statements_covered": 89.1213389121339, "percent_statements_covered_display": "89", "num_branches": 28, "num_partial_branches": 3, "covered_branches": 19, "missing_branches": 9, "percent_branches_covered": 67.85714285714286, "percent_branches_covered_display": "68"}, "missing_lines": [381, 382, 383, 384, 385, 386, 387, 388, 389, 390, 391, 397, 398, 399, 407, 408, 409, 410, 411, 422, 423, 430, 431, 439, 440, 441], "excluded_lines": [], "start_line": 34, "executed_branches": [[90, 91], [90, 109], [217, 218], [217, 221], [225, 226], [225, 233], [269, 270], [269, 273], [336, 337], [336, 339], [355, 356], [355, 365], [395, 396], [421, 426], [426, 427], [427, 428], [427, 434], [434, 435], [434, 438]], "missing_branches": [[381, 382], [381, 383], [386, 387], [386, 391], [395, 397], [421, 422], [426, 430], [430, 431], [430, 434]]}, "": {"executed_lines": [1, 2, 4, 5, 7, 8, 9, 10, 12, 14, 17, 18, 21, 22, 23, 24, 25, 28, 29, 32, 34, 35, 289, 346, 367, 380, 394, 401, 406, 413], "summary": {"covered_lines": 30, "num_statements": 31, "percent_covered": 94.87179487179488, "percent_covered_display": "95", "missing_lines": 1, "excluded_lines": 0, "percent_statements_covered": 96.7741935483871, "percent_statements_covered_display": "97", "num_branches": 8, "num_partial_branches": 1, "covered_branches": 7, "missing_branches": 1, "percent_branches_covered": 87.5, "percent_branches_covered_display": "88"}, "missing_lines": [30], "excluded_lines": [], "start_line": 1, "executed_branches": [[21, 22], [21, 28], [22, 21], [22, 23], [24, 22], [24, 25], [29, 32]], "missing_branches": [[29, 30]]}}}, "src/rgb_daemon/__init__.py": {"executed_lines": [], "summary": {"covered_lines": 0, "num_statements": 0, "percent_covered": 100.0, "percent_covered_display": "100", "missing_lines": 0, "excluded_lines": 0, "percent_statements_covered": 100.0, "percent_statements_covered_display": "100", "num_branches": 0, "num_partial_branches": 0, "covered_branches": 0, "missing_branches": 0, "percent_branches_covered": 100.0, "percent_branches_covered_display": "100"}, "missing_lines": [], "excluded_lines": [], "executed_branches": [], "missing_branches": [], "functions": {"": {"executed_lines": [], "summary": {"covered_lines": 0, "num_statements": 0, "percent_covered": 100.0, "percent_covered_display": "100", "missing_lines": 0, "excluded_lines": 0, "percent_statements_covered": 100.0, "percent_statements_covered_display": "100", "num_branches": 0, "num_partial_branches": 0, "covered_branches": 0, "missing_branches": 0, "percent_branches_covered": 100.0, "percent_branches_covered_display": "100"}, "missing_lines": [], "excluded_lines": [], "start_line": 1, "executed_branches": [], "missing_branches": []}}, "classes": {"": {"executed_lines": [], "summary": {"covered_lines": 0, "num_statements": 0, "percent_covered": 100.0, "percent_covered_display": "100", "missing_lines": 0, "excluded_lines": 0, "percent_statements_covered": 100.0, "percent_statements_covered_display": "100", "num_branches": 0, "num_partial_branches": 0, "covered_branches": 0, "missing_branches": 0, "percent_branches_covered": 100.0, "percent_branches_covered_display": "100"}, "missing_lines": [], "excluded_lines": [], "start_line": 1, "executed_branches": [], "missing_branches": []}}}, "src/rgb_daemon/application.py": {"executed_lines": [1, 2, 3, 4, 5, 7, 9, 10, 17, 18, 19, 20, 22, 23, 24, 25, 26, 28, 29, 30, 31, 32, 33, 34, 37, 38, 45, 46, 47, 48, 49, 52, 53, 60, 61, 62, 63, 64, 65, 67, 68, 69, 70, 71, 72], "summary": {"covered_lines": 45, "num_statements": 49, "percent_covered": 89.23076923076923, "percent_covered_display": "89", "missing_lines": 4, "excluded_lines": 0, "percent_statements_covered": 91.83673469387755, "percent_statements_covered_display": "92", "num_branches": 16, "num_partial_branches": 3, "covered_branches": 13, "missing_branches": 3, "percent_branches_covered": 81.25, "percent_branches_covered_display": "81"}, "missing_lines": [35, 36, 50, 51], "excluded_lines": [], "executed_branches": [[24, 25], [24, 26], [29, 30], [29, 45], [31, 32], [31, 37], [46, 47], [61, 62], [61, 63], [64, 65], [68, 69], [68, 70], [71, 72]], "missing_branches": [[46, 52], [64, -60], [71, -67]], "functions": {"DaemonUseCases.__init__": {"executed_lines": [17, 18, 19, 20], "summary": {"covered_lines": 4, "num_statements": 4, "percent_covered": 100.0, "percent_covered_display": "100", "missing_lines": 0, "excluded_lines": 0, "percent_statements_covered": 100.0, "percent_statements_covered_display": "100", "num_branches": 0, "num_partial_branches": 0, "covered_branches": 0, "missing_branches": 0, "percent_branches_covered": 100.0, "percent_branches_covered_display": "100"}, "missing_lines": [], "excluded_lines": [], "start_line": 10, "executed_branches": [], "missing_branches": []}, "DaemonUseCases.toggle_mode": {"executed_lines": [23, 24, 25, 26, 28, 29, 30, 31, 32, 33, 34, 37, 38, 45, 46, 47, 48, 49, 52, 53], "summary": {"covered_lines": 20, "num_statements": 24, "percent_covered": 84.375, "percent_covered_display": "84", "missing_lines": 4, "excluded_lines": 0, "percent_statements_covered": 83.33333333333333, "percent_statements_covered_display": "83", "num_branches": 8, "num_partial_branches": 1, "covered_branches": 7, "missing_branches": 1, "percent_branches_covered": 87.5, "percent_branches_covered_display": "88"}, "missing_lines": [35, 36, 50, 51], "excluded_lines": [], "start_line": 22, "executed_branches": [[24, 25], [24, 26], [29, 30], [29, 45], [31, 32], [31, 37], [46, 47]], "missing_branches": [[46, 52]]}, "DaemonUseCases.next_color": {"executed_lines": [61, 62, 63, 64, 65], "summary": {"covered_lines": 5, "num_statements": 5, "percent_covered": 88.88888888888889, "percent_covered_display": "89", "missing_lines": 0, "excluded_lines": 0, "percent_statements_covered": 100.0, "percent_statements_covered_display": "100", "num_branches": 4, "num_partial_branches": 1, "covered_branches": 3, "missing_branches": 1, "percent_branches_covered": 75.0, "percent_branches_covered_display": "75"}, "missing_lines": [], "excluded_lines": [], "start_line": 60, "executed_branches": [[61, 62], [61, 63], [64, 65]], "missing_branches": [[64, -60]]}, "DaemonUseCases.prev_color": {"executed_lines": [68, 69, 70, 71, 72], "summary": {"covered_lines": 5, "num_statements": 5, "percent_covered": 88.88888888888889, "percent_covered_display": "89", "missing_lines": 0, "excluded_lines": 0, "percent_statements_covered": 100.0, "percent_statements_covered_display": "100", "num_branches": 4, "num_partial_branches": 1, "covered_branches": 3, "missing_branches": 1, "percent_branches_covered": 75.0, "percent_branches_covered_display": "75"}, "missing_lines": [], "excluded_lines": [], "start_line": 67, "executed_branches": [[68, 69], [68, 70], [71, 72]], "missing_branches": [[71, -67]]}, "": {"executed_lines": [1, 2, 3, 4, 5, 7, 9, 10, 22, 60, 67], "summary": {"covered_lines": 11, "num_statements": 11, "percent_covered": 100.0, "percent_covered_display": "100", "missing_lines": 0, "excluded_lines": 0, "percent_statements_covered": 100.0, "percent_statements_covered_display": "100", "num_branches": 0, "num_partial_branches": 0, "covered_branches": 0, "missing_branches": 0, "percent_branches_covered": 100.0, "percent_branches_covered_display": "100"}, "missing_lines": [], "excluded_lines": [], "start_line": 1, "executed_branches": [], "missing_branches": []}}, "classes": {"DaemonUseCases": {"executed_lines": [17, 18, 19, 20, 23, 24, 25, 26, 28, 29, 30, 31, 32, 33, 34, 37, 38, 45, 46, 47, 48, 49, 52, 53, 61, 62, 63, 64, 65, 68, 69, 70, 71, 72], "summary": {"covered_lines": 34, "num_statements": 38, "percent_covered": 87.03703703703704, "percent_covered_display": "87", "missing_lines": 4, "excluded_lines": 0, "percent_statements_covered": 89.47368421052632, "percent_statements_covered_display": "89", "num_branches": 16, "num_partial_branches": 3, "covered_branches": 13, "missing_branches": 3, "percent_branches_covered": 81.25, "percent_branches_covered_display": "81"}, "missing_lines": [35, 36, 50, 51], "excluded_lines": [], "start_line": 9, "executed_branches": [[24, 25], [24, 26], [29, 30], [29, 45], [31, 32], [31, 37], [46, 47], [61, 62], [61, 63], [64, 65], [68, 69], [68, 70], [71, 72]], "missing_branches": [[46, 52], [64, -60], [71, -67]]}, "": {"executed_lines": [1, 2, 3, 4, 5, 7, 9, 10, 22, 60, 67], "summary": {"covered_lines": 11, "num_statements": 11, "percent_covered": 100.0, "percent_covered_display": "100", "missing_lines": 0, "excluded_lines": 0, "percent_statements_covered": 100.0, "percent_statements_covered_display": "100", "num_branches": 0, "num_partial_branches": 0, "covered_branches": 0, "missing_branches": 0, "percent_branches_covered": 100.0, "percent_branches_covered_display": "100"}, "missing_lines": [], "excluded_lines": [], "start_line": 1, "executed_branches": [], "missing_branches": []}}}, "src/rgb_daemon/domain.py": {"executed_lines": [1, 2, 4, 5, 6, 7, 9, 10, 11, 12, 13, 14, 15, 17, 24, 25, 26, 27, 28, 29, 30, 31, 32, 34, 35, 36, 38, 39, 40, 42, 43], "summary": {"covered_lines": 31, "num_statements": 31, "percent_covered": 100.0, "percent_covered_display": "100", "missing_lines": 0, "excluded_lines": 0, "percent_statements_covered": 100.0, "percent_statements_covered_display": "100", "num_branches": 2, "num_partial_branches": 0, "covered_branches": 2, "missing_branches": 0, "percent_branches_covered": 100.0, "percent_branches_covered_display": "100"}, "missing_lines": [], "excluded_lines": [], "executed_branches": [[10, 11], [10, 12]], "missing_branches": [], "functions": {"Color.__post_init__": {"executed_lines": [10, 11, 12, 13, 14, 15], "summary": {"covered_lines": 6, "num_statements": 6, "percent_covered": 100.0, "percent_covered_display": "100", "missing_lines": 0, "excluded_lines": 0, "percent_statements_covered": 100.0, "percent_statements_covered_display": "100", "num_branches": 2, "num_partial_branches": 0, "covered_branches": 2, "missing_branches": 0, "percent_branches_covered": 100.0, "percent_branches_covered_display": "100"}, "missing_lines": [], "excluded_lines": [], "start_line": 9, "executed_branches": [[10, 11], [10, 12]], "missing_branches": []}, "DaemonState.next_color": {"executed_lines": [35, 36], "summary": {"covered_lines": 2, "num_statements": 2, "percent_covered": 100.0, "percent_covered_display": "100", "missing_lines": 0, "excluded_lines": 0, "percent_statements_covered": 100.0, "percent_statements_covered_display": "100", "num_branches": 0, "num_partial_branches": 0, "covered_branches": 0, "missing_branches": 0, "percent_branches_covered": 100.0, "percent_branches_covered_display": "100"}, "missing_lines": [], "excluded_lines": [], "start_line": 34, "executed_branches": [], "missing_branches": []}, "DaemonState.prev_color": {"executed_lines": [39, 40], "summary": {"covered_lines": 2, "num_statements": 2, "percent_covered": 100.0, "percent_covered_display": "100", "missing_lines": 0, "excluded_lines": 0, "percent_statements_covered": 100.0, "percent_statements_covered_display": "100", "num_branches": 0, "num_partial_branches": 0, "covered_branches": 0, "missing_branches": 0, "percent_branches_covered": 100.0, "percent_branches_covered_display": "100"}, "missing_lines": [], "excluded_lines": [], "start_line": 38, "executed_branches": [], "missing_branches": []}, "DaemonState.get_current_color": {"executed_lines": [43], "summary": {"covered_lines": 1, "num_statements": 1, "percent_covered": 100.0, "percent_covered_display": "100", "missing_lines": 0, "excluded_lines": 0, "percent_statements_covered": 100.0, "percent_statements_covered_display": "100", "num_branches": 0, "num_partial_branches": 0, "covered_branches": 0, "missing_branches": 0, "percent_branches_covered": 100.0, "percent_branches_covered_display": "100"}, "missing_lines": [], "excluded_lines": [], "start_line": 42, "executed_branches": [], "missing_branches": []}, "": {"executed_lines": [1, 2, 4, 5, 6, 7, 9, 17, 24, 25, 26, 27, 28, 29, 30, 31, 32, 34, 38, 42], "summary": {"covered_lines": 20, "num_statements": 20, "percent_covered": 100.0, "percent_covered_display": "100", "missing_lines": 0, "excluded_lines": 0, "percent_statements_covered": 100.0, "percent_statements_covered_display": "100", "num_branches": 0, "num_partial_branches": 0, "covered_branches": 0, "missing_branches": 0, "percent_branches_covered": 100.0, "percent_branches_covered_display": "100"}, "missing_lines": [], "excluded_lines": [], "start_line": 1, "executed_branches": [], "missing_branches": []}}, "classes": {"Color": {"executed_lines": [10, 11, 12, 13, 14, 15], "summary": {"covered_lines": 6, "num_statements": 6, "percent_covered": 100.0, "percent_covered_display": "100", "missing_lines": 0, "excluded_lines": 0, "percent_statements_covered": 100.0, "percent_statements_covered_display": "100", "num_branches": 2, "num_partial_branches": 0, "covered_branches": 2, "missing_branches": 0, "percent_branches_covered": 100.0, "percent_branches_covered_display": "100"}, "missing_lines": [], "excluded_lines": [], "start_line": 5, "executed_branches": [[10, 11], [10, 12]], "missing_branches": []}, "DaemonState": {"executed_lines": [35, 36, 39, 40, 43], "summary": {"covered_lines": 5, "num_statements": 5, "percent_covered": 100.0, "percent_covered_display": "100", "missing_lines": 0, "excluded_lines": 0, "percent_statements_covered": 100.0, "percent_statements_covered_display": "100", "num_branches": 0, "num_partial_branches": 0, "covered_branches": 0, "missing_branches": 0, "percent_branches_covered": 100.0, "percent_branches_covered_display": "100"}, "missing_lines": [], "excluded_lines": [], "start_line": 25, "executed_branches": [], "missing_branches": []}, "": {"executed_lines": [1, 2, 4, 5, 6, 7, 9, 17, 24, 25, 26, 27, 28, 29, 30, 31, 32, 34, 38, 42], "summary": {"covered_lines": 20, "num_statements": 20, "percent_covered": 100.0, "percent_covered_display": "100", "missing_lines": 0, "excluded_lines": 0, "percent_statements_covered": 100.0, "percent_statements_covered_display": "100", "num_branches": 0, "num_partial_branches": 0, "covered_branches": 0, "missing_branches": 0, "percent_branches_covered": 100.0, "percent_branches_covered_display": "100"}, "missing_lines": [], "excluded_lines": [], "start_line": 1, "executed_branches": [], "missing_branches": []}}}, "src/rgb_daemon/infrastructure.py": {"executed_lines": [1, 2, 3, 4, 5, 6, 8, 10, 11, 12, 15, 16, 17, 21, 22, 23, 25, 26, 29, 30, 31, 32, 34, 35, 36, 43, 44, 45, 49, 54, 55, 56, 58, 63, 64, 67, 68, 70, 71, 72, 75, 76, 77, 78, 83, 84, 85, 86, 88, 89, 91, 92], "summary": {"covered_lines": 52, "num_statements": 61, "percent_covered": 84.61538461538461, "percent_covered_display": "85", "missing_lines": 9, "excluded_lines": 0, "percent_statements_covered": 85.24590163934427, "percent_statements_covered_display": "85", "num_branches": 4, "num_partial_branches": 1, "covered_branches": 3, "missing_branches": 1, "percent_branches_covered": 75.0, "percent_branches_covered_display": "75"}, "missing_lines": [13, 19, 24, 27, 46, 47, 79, 80, 81], "excluded_lines": [], "executed_branches": [[43, 44], [71, 72], [71, 75]], "missing_branches": [[43, 45]], "functions": {"OSDProvider.notify": {"executed_lines": [], "summary": {"covered_lines": 0, "num_statements": 1, "percent_covered": 0.0, "percent_covered_display": "0", "missing_lines": 1, "excluded_lines": 0, "percent_statements_covered": 0.0, "percent_statements_covered_display": "0", "num_branches": 0, "num_partial_branches": 0, "covered_branches": 0, "missing_branches": 0, "percent_branches_covered": 100.0, "percent_branches_covered_display": "100"}, "missing_lines": [13], "excluded_lines": [], "start_line": 12, "executed_branches": [], "missing_branches": []}, "ColorApplicator.apply": {"executed_lines": [], "summary": {"covered_lines": 0, "num_statements": 1, "percent_covered": 0.0, "percent_covered_display": "0", "missing_lines": 1, "excluded_lines": 0, "percent_statements_covered": 0.0, "percent_statements_covered_display": "0", "num_branches": 0, "num_partial_branches": 0, "covered_branches": 0, "missing_branches": 0, "percent_branches_covered": 100.0, "percent_branches_covered_display": "100"}, "missing_lines": [19], "excluded_lines": [], "start_line": 17, "executed_branches": [], "missing_branches": []}, "StatusStorage.save_status": {"executed_lines": [], "summary": {"covered_lines": 0, "num_statements": 1, "percent_covered": 0.0, "percent_covered_display": "0", "missing_lines": 1, "excluded_lines": 0, "percent_statements_covered": 0.0, "percent_statements_covered_display": "0", "num_branches": 0, "num_partial_branches": 0, "covered_branches": 0, "missing_branches": 0, "percent_branches_covered": 100.0, "percent_branches_covered_display": "100"}, "missing_lines": [24], "excluded_lines": [], "start_line": 23, "executed_branches": [], "missing_branches": []}, "StatusStorage.save_pid": {"executed_lines": [], "summary": {"covered_lines": 0, "num_statements": 1, "percent_covered": 0.0, "percent_covered_display": "0", "missing_lines": 1, "excluded_lines": 0, "percent_statements_covered": 0.0, "percent_statements_covered_display": "0", "num_branches": 0, "num_partial_branches": 0, "covered_branches": 0, "missing_branches": 0, "percent_branches_covered": 100.0, "percent_branches_covered_display": "100"}, "missing_lines": [27], "excluded_lines": [], "start_line": 26, "executed_branches": [], "missing_branches": []}, "NotifyOSD.__init__": {"executed_lines": [31, 32], "summary": {"covered_lines": 2, "num_statements": 2, "percent_covered": 100.0, "percent_covered_display": "100", "missing_lines": 0, "excluded_lines": 0, "percent_statements_covered": 100.0, "percent_statements_covered_display": "100", "num_branches": 0, "num_partial_branches": 0, "covered_branches": 0, "missing_branches": 0, "percent_branches_covered": 100.0, "percent_branches_covered_display": "100"}, "missing_lines": [], "excluded_lines": [], "start_line": 30, "executed_branches": [], "missing_branches": []}, "NotifyOSD.notify": {"executed_lines": [35, 36, 43, 44, 45], "summary": {"covered_lines": 5, "num_statements": 7, "percent_covered": 66.66666666666667, "percent_covered_display": "67", "missing_lines": 2, "excluded_lines": 0, "percent_statements_covered": 71.42857142857143, "percent_statements_covered_display": "71", "num_branches": 2, "num_partial_branches": 1, "covered_branches": 1, "missing_branches": 1, "percent_branches_covered": 50.0, "percent_branches_covered_display": "50"}, "missing_lines": [46, 47], "excluded_lines": [], "start_line": 34, "executed_branches": [[43, 44]], "missing_branches": [[43, 45]]}, "OpenRGBColorApplicator.__init__": {"executed_lines": [55, 56], "summary": {"covered_lines": 2, "num_statements": 2, "percent_covered": 100.0, "percent_covered_display": "100", "missing_lines": 0, "excluded_lines": 0, "percent_statements_covered": 100.0, "percent_statements_covered_display": "100", "num_branches": 0, "num_partial_branches": 0, "covered_branches": 0, "missing_branches": 0, "percent_branches_covered": 100.0, "percent_branches_covered_display": "100"}, "missing_lines": [], "excluded_lines": [], "start_line": 54, "executed_branches": [], "missing_branches": []}, "OpenRGBColorApplicator.apply": {"executed_lines": [63, 64, 67, 68, 70, 71, 72, 75, 76, 77, 78], "summary": {"covered_lines": 11, "num_statements": 14, "percent_covered": 81.25, "percent_covered_display": "81", "missing_lines": 3, "excluded_lines": 0, "percent_statements_covered": 78.57142857142857, "percent_statements_covered_display": "79", "num_branches": 2, "num_partial_branches": 0, "covered_branches": 2, "missing_branches": 0, "percent_branches_covered": 100.0, "percent_branches_covered_display": "100"}, "missing_lines": [79, 80, 81], "excluded_lines": [], "start_line": 58, "executed_branches": [[71, 72], [71, 75]], "missing_branches": []}, "FileStatusStorage.__init__": {"executed_lines": [85, 86], "summary": {"covered_lines": 2, "num_statements": 2, "percent_covered": 100.0, "percent_covered_display": "100", "missing_lines": 0, "excluded_lines": 0, "percent_statements_covered": 100.0, "percent_statements_covered_display": "100", "num_branches": 0, "num_partial_branches": 0, "covered_branches": 0, "missing_branches": 0, "percent_branches_covered": 100.0, "percent_branches_covered_display": "100"}, "missing_lines": [], "excluded_lines": [], "start_line": 84, "executed_branches": [], "missing_branches": []}, "FileStatusStorage.save_status": {"executed_lines": [89], "summary": {"covered_lines": 1, "num_statements": 1, "percent_covered": 100.0, "percent_covered_display": "100", "missing_lines": 0, "excluded_lines": 0, "percent_statements_covered": 100.0, "percent_statements_covered_display": "100", "num_branches": 0, "num_partial_branches": 0, "covered_branches": 0, "missing_branches": 0, "percent_branches_covered": 100.0, "percent_branches_covered_display": "100"}, "missing_lines": [], "excluded_lines": [], "start_line": 88, "executed_branches": [], "missing_branches": []}, "FileStatusStorage.save_pid": {"executed_lines": [92], "summary": {"covered_lines": 1, "num_statements": 1, "percent_covered": 100.0, "percent_covered_display": "100", "missing_lines": 0, "excluded_lines": 0, "percent_statements_covered": 100.0, "percent_statements_covered_display": "100", "num_branches": 0, "num_partial_branches": 0, "covered_branches": 0, "missing_branches": 0, "percent_branches_covered": 100.0, "percent_branches_covered_display": "100"}, "missing_lines": [], "excluded_lines": [], "start_line": 91, "executed_branches": [], "missing_branches": []}, "": {"executed_lines": [1, 2, 3, 4, 5, 6, 8, 10, 11, 12, 15, 16, 17, 21, 22, 23, 25, 26, 29, 30, 34, 49, 54, 58, 83, 84, 88, 91], "summary": {"covered_lines": 28, "num_statements": 28, "percent_covered": 100.0, "percent_covered_display": "100", "missing_lines": 0, "excluded_lines": 0, "percent_statements_covered": 100.0, "percent_statements_covered_display": "100", "num_branches": 0, "num_partial_branches": 0, "covered_branches": 0, "missing_branches": 0, "percent_branches_covered": 100.0, "percent_branches_covered_display": "100"}, "missing_lines": [], "excluded_lines": [], "start_line": 1, "executed_branches": [], "missing_branches": []}}, "classes": {"OSDProvider": {"executed_lines": [], "summary": {"covered_lines": 0, "num_statements": 1, "percent_covered": 0.0, "percent_covered_display": "0", "missing_lines": 1, "excluded_lines": 0, "percent_statements_covered": 0.0, "percent_statements_covered_display": "0", "num_branches": 0, "num_partial_branches": 0, "covered_branches": 0, "missing_branches": 0, "percent_branches_covered": 100.0, "percent_branches_covered_display": "100"}, "missing_lines": [13], "excluded_lines": [], "start_line": 10, "executed_branches": [], "missing_branches": []}, "ColorApplicator": {"executed_lines": [], "summary": {"covered_lines": 0, "num_statements": 1, "percent_covered": 0.0, "percent_covered_display": "0", "missing_lines": 1, "excluded_lines": 0, "percent_statements_covered": 0.0, "percent_statements_covered_display": "0", "num_branches": 0, "num_partial_branches": 0, "covered_branches": 0, "missing_branches": 0, "percent_branches_covered": 100.0, "percent_branches_covered_display": "100"}, "missing_lines": [19], "excluded_lines": [], "start_line": 15, "executed_branches": [], "missing_branches": []}, "StatusStorage": {"executed_lines": [], "summary": {"covered_lines": 0, "num_statements": 2, "percent_covered": 0.0, "percent_covered_display": "0", "missing_lines": 2, "excluded_lines": 0, "percent_statements_covered": 0.0, "percent_statements_covered_display": "0", "num_branches": 0, "num_partial_branches": 0, "covered_branches": 0, "missing_branches": 0, "percent_branches_covered": 100.0, "percent_branches_covered_display": "100"}, "missing_lines": [24, 27], "excluded_lines": [], "start_line": 21, "executed_branches": [], "missing_branches": []}, "NotifyOSD": {"executed_lines": [31, 32, 35, 36, 43, 44, 45], "summary": {"covered_lines": 7, "num_statements": 9, "percent_covered": 72.72727272727273, "percent_covered_display": "73", "missing_lines": 2, "excluded_lines": 0, "percent_statements_covered": 77.77777777777777, "percent_statements_covered_display": "78", "num_branches": 2, "num_partial_branches": 1, "covered_branches": 1, "missing_branches": 1, "percent_branches_covered": 50.0, "percent_branches_covered_display": "50"}, "missing_lines": [46, 47], "excluded_lines": [], "start_line": 29, "executed_branches": [[43, 44]], "missing_branches": [[43, 45]]}, "OpenRGBColorApplicator": {"executed_lines": [55, 56, 63, 64, 67, 68, 70, 71, 72, 75, 76, 77, 78], "summary": {"covered_lines": 13, "num_statements": 16, "percent_covered": 83.33333333333333, "percent_covered_display": "83", "missing_lines": 3, "excluded_lines": 0, "percent_statements_covered": 81.25, "percent_statements_covered_display": "81", "num_branches": 2, "num_partial_branches": 0, "covered_branches": 2, "missing_branches": 0, "percent_branches_covered": 100.0, "percent_branches_covered_display": "100"}, "missing_lines": [79, 80, 81], "excluded_lines": [], "start_line": 49, "executed_branches": [[71, 72], [71, 75]], "missing_branches": []}, "FileStatusStorage": {"executed_lines": [85, 86, 89, 92], "summary": {"covered_lines": 4, "num_statements": 4, "percent_covered": 100.0, "percent_covered_display": "100", "missing_lines": 0, "excluded_lines": 0, "percent_statements_covered": 100.0, "percent_statements_covered_display": "100", "num_branches": 0, "num_partial_branches": 0, "covered_branches": 0, "missing_branches": 0, "percent_branches_covered": 100.0, "percent_branches_covered_display": "100"}, "missing_lines": [], "excluded_lines": [], "start_line": 83, "executed_branches": [], "missing_branches": []}, "": {"executed_lines": [1, 2, 3, 4, 5, 6, 8, 10, 11, 12, 15, 16, 17, 21, 22, 23, 25, 26, 29, 30, 34, 49, 54, 58, 83, 84, 88, 91], "summary": {"covered_lines": 28, "num_statements": 28, "percent_covered": 100.0, "percent_covered_display": "100", "missing_lines": 0, "excluded_lines": 0, "percent_statements_covered": 100.0, "percent_statements_covered_display": "100", "num_branches": 0, "num_partial_branches": 0, "covered_branches": 0, "missing_branches": 0, "percent_branches_covered": 100.0, "percent_branches_covered_display": "100"}, "missing_lines": [], "excluded_lines": [], "start_line": 1, "executed_branches": [], "missing_branches": []}}}, "src/rgb_daemon/main.py": {"executed_lines": [2, 3, 4, 5, 6, 7, 8, 9, 10, 12, 14, 15, 16, 19, 20, 21, 22, 23, 25, 26, 31, 33, 34, 35, 36, 37, 38, 39, 40, 41, 42, 47, 49, 73, 104, 127, 128, 129, 130, 131, 132, 134, 135, 137, 138, 139, 140, 141, 142, 143, 144, 147, 148, 149, 150, 152, 154, 155, 156, 159, 160, 161, 162, 165, 166, 167, 169], "summary": {"covered_lines": 67, "num_statements": 134, "percent_covered": 38.83495145631068, "percent_covered_display": "39", "missing_lines": 67, "excluded_lines": 0, "percent_statements_covered": 50.0, "percent_statements_covered_display": "50", "num_branches": 72, "num_partial_branches": 5, "covered_branches": 13, "missing_branches": 59, "percent_branches_covered": 18.055555555555557, "percent_branches_covered_display": "18"}, "missing_lines": [43, 44, 45, 46, 50, 51, 52, 53, 54, 56, 57, 58, 59, 60, 61, 62, 63, 64, 65, 67, 68, 69, 70, 71, 74, 75, 76, 78, 79, 80, 82, 83, 84, 85, 87, 88, 90, 91, 92, 93, 95, 97, 98, 99, 100, 101, 102, 105, 106, 108, 109, 110, 112, 114, 115, 117, 118, 119, 121, 122, 123, 124, 125, 136, 157, 163, 170], "excluded_lines": [], "executed_branches": [[36, 37], [36, 47], [39, 40], [41, 42], [134, 135], [134, 139], [135, 137], [139, 140], [139, 143], [143, 144], [143, 147], [156, 159], [169, -1]], "missing_branches": [[39, 36], [41, 43], [43, 36], [43, 44], [44, 36], [44, 45], [52, -49], [52, 53], [53, -49], [53, 54], [54, 52], [54, 56], [56, 57], [56, 67], [57, 58], [57, 59], [59, 52], [59, 60], [61, 52], [61, 62], [64, 52], [64, 65], [67, 52], [67, 68], [68, 69], [68, 70], [70, 52], [70, 71], [78, -73], [78, 79], [79, -73], [79, 80], [80, 78], [80, 82], [82, 83], [82, 95], [84, 85], [84, 87], [90, 91], [90, 93], [95, 78], [95, 97], [97, 98], [97, 99], [99, 100], [99, 101], [101, 78], [101, 102], [109, 110], [109, 112], [114, 115], [114, 117], [118, 119], [118, 121], [123, -104], [123, 124], [135, 136], [156, 157], [169, 170]], "functions": {"buscar_devices": {"executed_lines": [34, 35, 36, 37, 38, 39, 40, 41, 42, 47], "summary": {"covered_lines": 10, "num_statements": 14, "percent_covered": 58.333333333333336, "percent_covered_display": "58", "missing_lines": 4, "excluded_lines": 0, "percent_statements_covered": 71.42857142857143, "percent_statements_covered_display": "71", "num_branches": 10, "num_partial_branches": 2, "covered_branches": 4, "missing_branches": 6, "percent_branches_covered": 40.0, "percent_branches_covered_display": "40"}, "missing_lines": [43, 44, 45, 46], "excluded_lines": [], "start_line": 33, "executed_branches": [[36, 37], [36, 47], [39, 40], [41, 42]], "missing_branches": [[39, 36], [41, 43], [43, 36], [43, 44], [44, 36], [44, 45]]}, "listener_teclado": {"executed_lines": [], "summary": {"covered_lines": 0, "num_statements": 20, "percent_covered": 0.0, "percent_covered_display": "0", "missing_lines": 20, "excluded_lines": 0, "percent_statements_covered": 0.0, "percent_statements_covered_display": "0", "num_branches": 22, "num_partial_branches": 0, "covered_branches": 0, "missing_branches": 22, "percent_branches_covered": 0.0, "percent_branches_covered_display": "0"}, "missing_lines": [50, 51, 52, 53, 54, 56, 57, 58, 59, 60, 61, 62, 63, 64, 65, 67, 68, 69, 70, 71], "excluded_lines": [], "start_line": 49, "executed_branches": [], "missing_branches": [[52, -49], [52, 53], [53, -49], [53, 54], [54, 52], [54, 56], [56, 57], [56, 67], [57, 58], [57, 59], [59, 52], [59, 60], [61, 52], [61, 62], [64, 52], [64, 65], [67, 52], [67, 68], [68, 69], [68, 70], [70, 52], [70, 71]]}, "listener_consumer": {"executed_lines": [], "summary": {"covered_lines": 0, "num_statements": 23, "percent_covered": 0.0, "percent_covered_display": "0", "missing_lines": 23, "excluded_lines": 0, "percent_statements_covered": 0.0, "percent_statements_covered_display": "0", "num_branches": 20, "num_partial_branches": 0, "covered_branches": 0, "missing_branches": 20, "percent_branches_covered": 0.0, "percent_branches_covered_display": "0"}, "missing_lines": [74, 75, 76, 78, 79, 80, 82, 83, 84, 85, 87, 88, 90, 91, 92, 93, 95, 97, 98, 99, 100, 101, 102], "excluded_lines": [], "start_line": 73, "executed_branches": [], "missing_branches": [[78, -73], [78, 79], [79, -73], [79, 80], [80, 78], [80, 82], [82, 83], [82, 95], [84, 85], [84, 87], [90, 91], [90, 93], [95, 78], [95, 97], [97, 98], [97, 99], [99, 100], [99, 101], [101, 78], [101, 102]]}, "run_daemon": {"executed_lines": [], "summary": {"covered_lines": 0, "num_statements": 13, "percent_covered": 0.0, "percent_covered_display": "0", "missing_lines": 13, "excluded_lines": 0, "percent_statements_covered": 0.0, "percent_statements_covered_display": "0", "num_branches": 6, "num_partial_branches": 0, "covered_branches": 0, "missing_branches": 6, "percent_branches_covered": 0.0, "percent_branches_covered_display": "0"}, "missing_lines": [105, 106, 108, 114, 115, 117, 118, 119, 121, 122, 123, 124, 125], "excluded_lines": [], "start_line": 104, "executed_branches": [], "missing_branches": [[114, 115], [114, 117], [118, 119], [118, 121], [123, -104], [123, 124]]}, "run_daemon._on_sig": {"executed_lines": [], "summary": {"covered_lines": 0, "num_statements": 3, "percent_covered": 0.0, "percent_covered_display": "0", "missing_lines": 3, "excluded_lines": 0, "percent_statements_covered": 0.0, "percent_statements_covered_display": "0", "num_branches": 2, "num_partial_branches": 0, "covered_branches": 0, "missing_branches": 2, "percent_branches_covered": 0.0, "percent_branches_covered_display": "0"}, "missing_lines": [109, 110, 112], "excluded_lines": [], "start_line": 108, "executed_branches": [], "missing_branches": [[109, 110], [109, 112]]}, "main": {"executed_lines": [128, 129, 130, 131, 132, 134, 135, 137, 138, 139, 140, 141, 142, 143, 144, 147, 148, 149, 150, 152, 154, 155, 156, 159, 160, 161, 162, 165, 166, 167], "summary": {"covered_lines": 30, "num_statements": 33, "percent_covered": 88.37209302325581, "percent_covered_display": "88", "missing_lines": 3, "excluded_lines": 0, "percent_statements_covered": 90.9090909090909, "percent_statements_covered_display": "91", "num_branches": 10, "num_partial_branches": 2, "covered_branches": 8, "missing_branches": 2, "percent_branches_covered": 80.0, "percent_branches_covered_display": "80"}, "missing_lines": [136, 157, 163], "excluded_lines": [], "start_line": 127, "executed_branches": [[134, 135], [134, 139], [135, 137], [139, 140], [139, 143], [143, 144], [143, 147], [156, 159]], "missing_branches": [[135, 136], [156, 157]]}, "": {"executed_lines": [2, 3, 4, 5, 6, 7, 8, 9, 10, 12, 14, 15, 16, 19, 20, 21, 22, 23, 25, 26, 31, 33, 49, 73, 104, 127, 169], "summary": {"covered_lines": 27, "num_statements": 28, "percent_covered": 93.33333333333333, "percent_covered_display": "93", "missing_lines": 1, "excluded_lines": 0, "percent_statements_covered": 96.42857142857143, "percent_statements_covered_display": "96", "num_branches": 2, "num_partial_branches": 1, "covered_branches": 1, "missing_branches": 1, "percent_branches_covered": 50.0, "percent_branches_covered_display": "50"}, "missing_lines": [170], "excluded_lines": [], "start_line": 1, "executed_branches": [[169, -1]], "missing_branches": [[169, 170]]}}, "classes": {"": {"executed_lines": [2, 3, 4, 5, 6, 7, 8, 9, 10, 12, 14, 15, 16, 19, 20, 21, 22, 23, 25, 26, 31, 33, 34, 35, 36, 37, 38, 39, 40, 41, 42, 47, 49, 73, 104, 127, 128, 129, 130, 131, 132, 134, 135, 137, 138, 139, 140, 141, 142, 143, 144, 147, 148, 149, 150, 152, 154, 155, 156, 159, 160, 161, 162, 165, 166, 167, 169], "summary": {"covered_lines": 67, "num_statements": 134, "percent_covered": 38.83495145631068, "percent_covered_display": "39", "missing_lines": 67, "excluded_lines": 0, "percent_statements_covered": 50.0, "percent_statements_covered_display": "50", "num_branches": 72, "num_partial_branches": 5, "covered_branches": 13, "missing_branches": 59, "percent_branches_covered": 18.055555555555557, "percent_branches_covered_display": "18"}, "missing_lines": [43, 44, 45, 46, 50, 51, 52, 53, 54, 56, 57, 58, 59, 60, 61, 62, 63, 64, 65, 67, 68, 69, 70, 71, 74, 75, 76, 78, 79, 80, 82, 83, 84, 85, 87, 88, 90, 91, 92, 93, 95, 97, 98, 99, 100, 101, 102, 105, 106, 108, 109, 110, 112, 114, 115, 117, 118, 119, 121, 122, 123, 124, 125, 136, 157, 163, 170], "excluded_lines": [], "start_line": 1, "executed_branches": [[36, 37], [36, 47], [39, 40], [41, 42], [134, 135], [134, 139], [135, 137], [139, 140], [139, 143], [143, 144], [143, 147], [156, 159], [169, -1]], "missing_branches": [[39, 36], [41, 43], [43, 36], [43, 44], [44, 36], [44, 45], [52, -49], [52, 53], [53, -49], [53, 54], [54, 52], [54, 56], [56, 57], [56, 67], [57, 58], [57, 59], [59, 52], [59, 60], [61, 52], [61, 62], [64, 52], [64, 65], [67, 52], [67, 68], [68, 69], [68, 70], [70, 52], [70, 71], [78, -73], [78, 79], [79, -73], [79, 80], [80, 78], [80, 82], [82, 83], [82, 95], [84, 85], [84, 87], [90, 91], [90, 93], [95, 78], [95, 97], [97, 98], [97, 99], [99, 100], [99, 101], [101, 78], [101, 102], [109, 110], [109, 112], [114, 115], [114, 117], [118, 119], [118, 121], [123, -104], [123, 124], [135, 136], [156, 157], [169, 170]]}}}}, "totals": {"covered_lines": 572, "num_statements": 726, "percent_covered": 73.19004524886878, "percent_covered_display": "73", "missing_lines": 154, "excluded_lines": 0, "percent_statements_covered": 78.78787878787878, "percent_statements_covered_display": "79", "num_branches": 158, "num_partial_branches": 19, "covered_branches": 75, "missing_branches": 83, "percent_branches_covered": 47.46835443037975, "percent_branches_covered_display": "47"}}