{"meta": {"format": 3, "version": "7.13.5", "timestamp": "2026-04-08T01:25:25.366742", "branch_coverage": true, "show_contexts": false}, "files": {"src/__init__.py": {"executed_lines": [], "summary": {"covered_lines": 0, "num_statements": 0, "percent_covered": 100.0, "percent_covered_display": "100", "missing_lines": 0, "excluded_lines": 0, "percent_statements_covered": 100.0, "percent_statements_covered_display": "100", "num_branches": 0, "num_partial_branches": 0, "covered_branches": 0, "missing_branches": 0, "percent_branches_covered": 100.0, "percent_branches_covered_display": "100"}, "missing_lines": [], "excluded_lines": [], "executed_branches": [], "missing_branches": [], "functions": {"": {"executed_lines": [], "summary": {"covered_lines": 0, "num_statements": 0, "percent_covered": 100.0, "percent_covered_display": "100", "missing_lines": 0, "excluded_lines": 0, "percent_statements_covered": 100.0, "percent_statements_covered_display": "100", "num_branches": 0, "num_partial_branches": 0, "covered_branches": 0, "missing_branches": 0, "percent_branches_covered": 100.0, "percent_branches_covered_display": "100"}, "missing_lines": [], "excluded_lines": [], "start_line": 1, "executed_branches": [], "missing_branches": []}}, "classes": {"": {"executed_lines": [], "summary": {"covered_lines": 0, "num_statements": 0, "percent_covered": 100.0, "percent_covered_display": "100", "missing_lines": 0, "excluded_lines": 0, "percent_statements_covered": 100.0, "percent_statements_covered_display": "100", "num_branches": 0, "num_partial_branches": 0, "covered_branches": 0, "missing_branches": 0, "percent_branches_covered": 100.0, "percent_branches_covered_display": "100"}, "missing_lines": [], "excluded_lines": [], "start_line": 1, "executed_branches": [], "missing_branches": []}}}, "src/rgb_control/__init__.py": {"executed_lines": [], "summary": {"covered_lines": 0, "num_statements": 0, "percent_covered": 100.0, "percent_covered_display": "100", "missing_lines": 0, "excluded_lines": 0, "percent_statements_covered": 100.0, "percent_statements_covered_display": "100", "num_branches": 0, "num_partial_branches": 0, "covered_branches": 0, "missing_branches": 0, "percent_branches_covered": 100.0, "percent_branches_covered_display": "100"}, "missing_lines": [], "excluded_lines": [], "executed_branches": [], "missing_branches": [], "functions": {"": {"executed_lines": [], "summary": {"covered_lines": 0, "num_statements": 0, "percent_covered": 100.0, "percent_covered_display": "100", "missing_lines": 0, "excluded_lines": 0, "percent_statements_covered": 100.0, "percent_statements_covered_display": "100", "num_branches": 0, "num_partial_branches": 0, "covered_branches": 0, "missing_branches": 0, "percent_branches_covered": 100.0, "percent_branches_covered_display": "100"}, "missing_lines": [], "excluded_lines": [], "start_line": 1, "executed_branches": [], "missing_branches": []}}, "classes": {"": {"executed_lines": [], "summary": {"covered_lines": 0, "num_statements": 0, "percent_covered": 100.0, "percent_covered_display": "100", "missing_lines": 0, "excluded_lines": 0, "percent_statements_covered": 100.0, "percent_statements_covered_display": "100", "num_branches": 0, "num_partial_branches": 0, "covered_branches": 0, "missing_branches": 0, "percent_branches_covered": 100.0, "percent_branches_covered_display": "100"}, "missing_lines": [], "excluded_lines": [], "start_line": 1, "executed_branches": [], "missing_branches": []}}}, "src/rgb_control/backend.py": {"executed_lines": [1, 2, 4, 5, 6, 7, 9, 11, 12, 14, 17, 19, 20, 21, 22, 23, 25, 27, 28, 29, 30, 31, 32, 34, 36, 38, 39, 40, 44, 46, 47, 48, 50, 51, 52, 54, 58, 63, 64, 66, 67, 70, 71, 72, 76, 77, 78, 82, 84, 92, 95, 97, 98, 99, 101, 102, 103, 105, 106, 108, 109, 110, 111, 112, 113], "summary": {"covered_lines": 65, "num_statements": 81, "percent_covered": 78.94736842105263, "percent_covered_display": "79", "missing_lines": 16, "excluded_lines": 0, "percent_statements_covered": 80.24691358024691, "percent_statements_covered_display": "80", "num_branches": 14, "num_partial_branches": 2, "covered_branches": 10, "missing_branches": 4, "percent_branches_covered": 71.42857142857143, "percent_branches_covered_display": "71"}, "missing_lines": [37, 41, 42, 55, 56, 73, 74, 79, 80, 85, 86, 87, 88, 89, 90, 91], "excluded_lines": [], "executed_branches": [[36, 38], [50, -44], [50, 51], [70, 71], [70, 76], [84, 92], [98, 99], [98, 101], [109, 110], [109, 111]], "missing_branches": [[36, 37], [84, 85], [88, 89], [88, 92]], "functions": {"Backend.__init__": {"executed_lines": [11, 12, 14], "summary": {"covered_lines": 3, "num_statements": 3, "percent_covered": 100.0, "percent_covered_display": "100", "missing_lines": 0, "excluded_lines": 0, "percent_statements_covered": 100.0, "percent_statements_covered_display": "100", "num_branches": 0, "num_partial_branches": 0, "covered_branches": 0, "missing_branches": 0, "percent_branches_covered": 100.0, "percent_branches_covered_display": "100"}, "missing_lines": [], "excluded_lines": [], "start_line": 9, "executed_branches": [], "missing_branches": []}, "Backend.is_service_active": {"executed_lines": [19, 20, 21, 22, 23], "summary": {"covered_lines": 5, "num_statements": 5, "percent_covered": 100.0, "percent_covered_display": "100", "missing_lines": 0, "excluded_lines": 0, "percent_statements_covered": 100.0, "percent_statements_covered_display": "100", "num_branches": 0, "num_partial_branches": 0, "covered_branches": 0, "missing_branches": 0, "percent_branches_covered": 100.0, "percent_branches_covered_display": "100"}, "missing_lines": [], "excluded_lines": [], "start_line": 17, "executed_branches": [], "missing_branches": []}, "Backend.set_service_state": {"executed_lines": [27, 28, 29, 30, 31, 32], "summary": {"covered_lines": 6, "num_statements": 6, "percent_covered": 100.0, "percent_covered_display": "100", "missing_lines": 0, "excluded_lines": 0, "percent_statements_covered": 100.0, "percent_statements_covered_display": "100", "num_branches": 0, "num_partial_branches": 0, "covered_branches": 0, "missing_branches": 0, "percent_branches_covered": 100.0, "percent_branches_covered_display": "100"}, "missing_lines": [], "excluded_lines": [], "start_line": 25, "executed_branches": [], "missing_branches": []}, "Backend.is_led_mode_active": {"executed_lines": [36, 38, 39, 40], "summary": {"covered_lines": 4, "num_statements": 7, "percent_covered": 55.55555555555556, "percent_covered_display": "56", "missing_lines": 3, "excluded_lines": 0, "percent_statements_covered": 57.142857142857146, "percent_statements_covered_display": "57", "num_branches": 2, "num_partial_branches": 1, "covered_branches": 1, "missing_branches": 1, "percent_branches_covered": 50.0, "percent_branches_covered_display": "50"}, "missing_lines": [37, 41, 42], "excluded_lines": [], "start_line": 34, "executed_branches": [[36, 38]], "missing_branches": [[36, 37]]}, "Backend.set_led_mode": {"executed_lines": [46, 47, 48, 50, 51, 52, 54], "summary": {"covered_lines": 7, "num_statements": 9, "percent_covered": 81.81818181818181, "percent_covered_display": "82", "missing_lines": 2, "excluded_lines": 0, "percent_statements_covered": 77.77777777777777, "percent_statements_covered_display": "78", "num_branches": 2, "num_partial_branches": 0, "covered_branches": 2, "missing_branches": 0, "percent_branches_covered": 100.0, "percent_branches_covered_display": "100"}, "missing_lines": [55, 56], "excluded_lines": [], "start_line": 44, "executed_branches": [[50, -44], [50, 51]], "missing_branches": []}, "Backend.apply_color": {"executed_lines": [63, 64, 66, 67, 70, 71, 72, 76, 77, 78], "summary": {"covered_lines": 10, "num_statements": 14, "percent_covered": 75.0, "percent_covered_display": "75", "missing_lines": 4, "excluded_lines": 0, "percent_statements_covered": 71.42857142857143, "percent_statements_covered_display": "71", "num_branches": 2, "num_partial_branches": 0, "covered_branches": 2, "missing_branches": 0, "percent_branches_covered": 100.0, "percent_branches_covered_display": "100"}, "missing_lines": [73, 74, 79, 80], "excluded_lines": [], "start_line": 58, "executed_branches": [[70, 71], [70, 76]], "missing_branches": []}, "Backend.get_current_color": {"executed_lines": [84, 92], "summary": {"covered_lines": 2, "num_statements": 9, "percent_covered": 23.076923076923077, "percent_covered_display": "23", "missing_lines": 7, "excluded_lines": 0, "percent_statements_covered": 22.22222222222222, "percent_statements_covered_display": "22", "num_branches": 4, "num_partial_branches": 1, "covered_branches": 1, "missing_branches": 3, "percent_branches_covered": 25.0, "percent_branches_covered_display": "25"}, "missing_lines": [85, 86, 87, 88, 89, 90, 91], "excluded_lines": [], "start_line": 82, "executed_branches": [[84, 92]], "missing_branches": [[84, 85], [88, 89], [88, 92]]}, "Backend.get_daemon_logs": {"executed_lines": [97, 98, 99, 101, 102, 103, 105, 106, 108, 109, 110, 111, 112, 113], "summary": {"covered_lines": 14, "num_statements": 14, "percent_covered": 100.0, "percent_covered_display": "100", "missing_lines": 0, "excluded_lines": 0, "percent_statements_covered": 100.0, "percent_statements_covered_display": "100", "num_branches": 4, "num_partial_branches": 0, "covered_branches": 4, "missing_branches": 0, "percent_branches_covered": 100.0, "percent_branches_covered_display": "100"}, "missing_lines": [], "excluded_lines": [], "start_line": 95, "executed_branches": [[98, 99], [98, 101], [109, 110], [109, 111]], "missing_branches": []}, "": {"executed_lines": [1, 2, 4, 5, 6, 7, 9, 17, 25, 34, 44, 58, 82, 95], "summary": {"covered_lines": 14, "num_statements": 14, "percent_covered": 100.0, "percent_covered_display": "100", "missing_lines": 0, "excluded_lines": 0, "percent_statements_covered": 100.0, "percent_statements_covered_display": "100", "num_branches": 0, "num_partial_branches": 0, "covered_branches": 0, "missing_branches": 0, "percent_branches_covered": 100.0, "percent_branches_covered_display": "100"}, "missing_lines": [], "excluded_lines": [], "start_line": 1, "executed_branches": [], "missing_branches": []}}, "classes": {"Backend": {"executed_lines": [11, 12, 14, 19, 20, 21, 22, 23, 27, 28, 29, 30, 31, 32, 36, 38, 39, 40, 46, 47, 48, 50, 51, 52, 54, 63, 64, 66, 67, 70, 71, 72, 76, 77, 78, 84, 92, 97, 98, 99, 101, 102, 103, 105, 106, 108, 109, 110, 111, 112, 113], "summary": {"covered_lines": 51, "num_statements": 67, "percent_covered": 75.30864197530865, "percent_covered_display": "75", "missing_lines": 16, "excluded_lines": 0, "percent_statements_covered": 76.11940298507463, "percent_statements_covered_display": "76", "num_branches": 14, "num_partial_branches": 2, "covered_branches": 10, "missing_branches": 4, "percent_branches_covered": 71.42857142857143, "percent_branches_covered_display": "71"}, "missing_lines": [37, 41, 42, 55, 56, 73, 74, 79, 80, 85, 86, 87, 88, 89, 90, 91], "excluded_lines": [], "start_line": 4, "executed_branches": [[36, 38], [50, -44], [50, 51], [70, 71], [70, 76], [84, 92], [98, 99], [98, 101], [109, 110], [109, 111]], "missing_branches": [[36, 37], [84, 85], [88, 89], [88, 92]]}, "": {"executed_lines": [1, 2, 4, 5, 6, 7, 9, 17, 25, 34, 44, 58, 82, 95], "summary": {"covered_lines": 14, "num_statements": 14, "percent_covered": 100.0, "percent_covered_display": "100", "missing_lines": 0, "excluded_lines": 0, "percent_statements_covered": 100.0, "percent_statements_covered_display": "100", "num_branches": 0, "num_partial_branches": 0, "covered_branches": 0, "missing_branches": 0, "percent_branches_covered": 100.0, "percent_branches_covered_display": "100"}, "missing_lines": [], "excluded_lines": [], "start_line": 1, "executed_branches": [], "missing_branches": []}}}, "src/rgb_control/main.py": {"executed_lines": [1, 2, 3, 4, 5, 7, 8, 10, 11, 13, 14, 15, 16, 21, 23, 24, 28, 29, 30, 31, 32, 33, 34, 35, 37, 38, 40, 42, 43, 44, 45, 48, 49, 50, 51, 53, 59, 60, 63, 65, 77, 78, 79, 84, 85, 90, 91, 94, 95, 96, 97, 104, 105, 107, 108, 109, 111, 120], "summary": {"covered_lines": 58, "num_statements": 85, "percent_covered": 65.26315789473684, "percent_covered_display": "65", "missing_lines": 27, "excluded_lines": 0, "percent_statements_covered": 68.23529411764706, "percent_statements_covered_display": "68", "num_branches": 10, "num_partial_branches": 4, "covered_branches": 4, "missing_branches": 6, "percent_branches_covered": 40.0, "percent_branches_covered_display": "40"}, "missing_lines": [25, 26, 54, 55, 56, 57, 66, 67, 68, 69, 70, 71, 72, 73, 74, 75, 86, 87, 92, 112, 113, 114, 115, 116, 117, 118, 121], "excluded_lines": [], "executed_branches": [[85, 90], [91, 94], [94, 95], [120, -1]], "missing_branches": [[85, 86], [91, 92], [94, 104], [113, 114], [113, 116], [120, 121]], "functions": {"SplashWindow.__init__": {"executed_lines": [30, 31, 32, 33, 34, 35, 37, 38, 40, 42, 43, 44, 45, 48, 49, 50, 51, 53, 59, 60, 63], "summary": {"covered_lines": 21, "num_statements": 25, "percent_covered": 84.0, "percent_covered_display": "84", "missing_lines": 4, "excluded_lines": 0, "percent_statements_covered": 84.0, "percent_statements_covered_display": "84", "num_branches": 0, "num_partial_branches": 0, "covered_branches": 0, "missing_branches": 0, "percent_branches_covered": 100.0, "percent_branches_covered_display": "100"}, "missing_lines": [54, 55, 56, 57], "excluded_lines": [], "start_line": 29, "executed_branches": [], "missing_branches": []}, "SplashWindow._finish_splash": {"executed_lines": [], "summary": {"covered_lines": 0, "num_statements": 10, "percent_covered": 0.0, "percent_covered_display": "0", "missing_lines": 10, "excluded_lines": 0, "percent_statements_covered": 0.0, "percent_statements_covered_display": "0", "num_branches": 0, "num_partial_branches": 0, "covered_branches": 0, "missing_branches": 0, "percent_branches_covered": 100.0, "percent_branches_covered_display": "100"}, "missing_lines": [66, 67, 68, 69, 70, 71, 72, 73, 74, 75], "excluded_lines": [], "start_line": 65, "executed_branches": [], "missing_branches": []}, "RgbControlApp.__init__": {"executed_lines": [79], "summary": {"covered_lines": 1, "num_statements": 1, "percent_covered": 100.0, "percent_covered_display": "100", "missing_lines": 0, "excluded_lines": 0, "percent_statements_covered": 100.0, "percent_statements_covered_display": "100", "num_branches": 0, "num_partial_branches": 0, "covered_branches": 0, "missing_branches": 0, "percent_branches_covered": 100.0, "percent_branches_covered_display": "100"}, "missing_lines": [], "excluded_lines": [], "start_line": 78, "executed_branches": [], "missing_branches": []}, "RgbControlApp.do_activate": {"executed_lines": [85, 90, 91, 94, 95, 96, 97, 104, 105], "summary": {"covered_lines": 9, "num_statements": 12, "percent_covered": 66.66666666666667, "percent_covered_display": "67", "missing_lines": 3, "excluded_lines": 0, "percent_statements_covered": 75.0, "percent_statements_covered_display": "75", "num_branches": 6, "num_partial_branches": 3, "covered_branches": 3, "missing_branches": 3, "percent_branches_covered": 50.0, "percent_branches_covered_display": "50"}, "missing_lines": [86, 87, 92], "excluded_lines": [], "start_line": 84, "executed_branches": [[85, 90], [91, 94], [94, 95]], "missing_branches": [[85, 86], [91, 92], [94, 104]]}, "RgbControlApp.on_splash_finished": {"executed_lines": [108, 109], "summary": {"covered_lines": 2, "num_statements": 2, "percent_covered": 100.0, "percent_covered_display": "100", "missing_lines": 0, "excluded_lines": 0, "percent_statements_covered": 100.0, "percent_statements_covered_display": "100", "num_branches": 0, "num_partial_branches": 0, "covered_branches": 0, "missing_branches": 0, "percent_branches_covered": 100.0, "percent_branches_covered_display": "100"}, "missing_lines": [], "excluded_lines": [], "start_line": 107, "executed_branches": [], "missing_branches": []}, "main": {"executed_lines": [], "summary": {"covered_lines": 0, "num_statements": 7, "percent_covered": 0.0, "percent_covered_display": "0", "missing_lines": 7, "excluded_lines": 0, "percent_statements_covered": 0.0, "percent_statements_covered_display": "0", "num_branches": 2, "num_partial_branches": 0, "covered_branches": 0, "missing_branches": 2, "percent_branches_covered": 0.0, "percent_branches_covered_display": "0"}, "missing_lines": [112, 113, 114, 115, 116, 117, 118], "excluded_lines": [], "start_line": 111, "executed_branches": [], "missing_branches": [[113, 114], [113, 116]]}, "": {"executed_lines": [1, 2, 3, 4, 5, 7, 8, 10, 11, 13, 14, 15, 16, 21, 23, 24, 28, 29, 65, 77, 78, 84, 107, 111, 120], "summary": {"covered_lines": 25, "num_statements": 28, "percent_covered": 86.66666666666667, "percent_covered_display": "87", "missing_lines": 3, "excluded_lines": 0, "percent_statements_covered": 89.28571428571429, "percent_statements_covered_display": "89", "num_branches": 2, "num_partial_branches": 1, "covered_branches": 1, "missing_branches": 1, "percent_branches_covered": 50.0, "percent_branches_covered_display": "50"}, "missing_lines": [25, 26, 121], "excluded_lines": [], "start_line": 1, "executed_branches": [[120, -1]], "missing_branches": [[120, 121]]}}, "classes": {"SplashWindow": {"executed_lines": [30, 31, 32, 33, 34, 35, 37, 38, 40, 42, 43, 44, 45, 48, 49, 50, 51, 53, 59, 60, 63], "summary": {"covered_lines": 21, "num_statements": 35, "percent_covered": 60.0, "percent_covered_display": "60", "missing_lines": 14, "excluded_lines": 0, "percent_statements_covered": 60.0, "percent_statements_covered_display": "60", "num_branches": 0, "num_partial_branches": 0, "covered_branches": 0, "missing_branches": 0, "percent_branches_covered": 100.0, "percent_branches_covered_display": "100"}, "missing_lines": [54, 55, 56, 57, 66, 67, 68, 69, 70, 71, 72, 73, 74, 75], "excluded_lines": [], "start_line": 28, "executed_branches": [], "missing_branches": []}, "RgbControlApp": {"executed_lines": [79, 85, 90, 91, 94, 95, 96, 97, 104, 105, 108, 109], "summary": {"covered_lines": 12, "num_statements": 15, "percent_covered": 71.42857142857143, "percent_covered_display": "71", "missing_lines": 3, "excluded_lines": 0, "percent_statements_covered": 80.0, "percent_statements_covered_display": "80", "num_branches": 6, "num_partial_branches": 3, "covered_branches": 3, "missing_branches": 3, "percent_branches_covered": 50.0, "percent_branches_covered_display": "50"}, "missing_lines": [86, 87, 92], "excluded_lines": [], "start_line": 77, "executed_branches": [[85, 90], [91, 94], [94, 95]], "missing_branches": [[85, 86], [91, 92], [94, 104]]}, "": {"executed_lines": [1, 2, 3, 4, 5, 7, 8, 10, 11, 13, 14, 15, 16, 21, 23, 24, 28, 29, 65, 77, 78, 84, 107, 111, 120], "summary": {"covered_lines": 25, "num_statements": 35, "percent_covered": 66.66666666666667, "percent_covered_display": "67", "missing_lines": 10, "excluded_lines": 0, "percent_statements_covered": 71.42857142857143, "percent_statements_covered_display": "71", "num_branches": 4, "num_partial_branches": 1, "covered_branches": 1, "missing_branches": 3, "percent_branches_covered": 25.0, "percent_branches_covered_display": "25"}, "missing_lines": [25, 26, 112, 113, 114, 115, 116, 117, 118, 121], "excluded_lines": [], "start_line": 1, "executed_branches": [[120, -1]], "missing_branches": [[113, 114], [113, 116], [120, 121]]}}}, "src/rgb_control/utils.py": {"executed_lines": [1, 2, 4, 6, 11, 12, 13, 15, 16, 17, 18, 21, 22, 23, 24, 25, 26, 27, 28, 30, 32, 33, 34, 35], "summary": {"covered_lines": 24, "num_statements": 24, "percent_covered": 100.0, "percent_covered_display": "100", "missing_lines": 0, "excluded_lines": 0, "percent_statements_covered": 100.0, "percent_statements_covered_display": "100", "num_branches": 8, "num_partial_branches": 0, "covered_branches": 8, "missing_branches": 0, "percent_branches_covered": 100.0, "percent_branches_covered_display": "100"}, "missing_lines": [], "excluded_lines": [], "executed_branches": [[12, 13], [12, 15], [17, 18], [17, 21], [21, 22], [21, 25], [25, 26], [25, 30]], "missing_branches": [], "functions": {"hex_to_rgba_tuple": {"executed_lines": [11, 12, 13, 15, 16, 17, 18, 21, 22, 23, 24, 25, 26, 27, 28, 30, 32, 33, 34, 35], "summary": {"covered_lines": 20, "num_statements": 20, "percent_covered": 100.0, "percent_covered_display": "100", "missing_lines": 0, "excluded_lines": 0, "percent_statements_covered": 100.0, "percent_statements_covered_display": "100", "num_branches": 8, "num_partial_branches": 0, "covered_branches": 8, "missing_branches": 0, "percent_branches_covered": 100.0, "percent_branches_covered_display": "100"}, "missing_lines": [], "excluded_lines": [], "start_line": 6, "executed_branches": [[12, 13], [12, 15], [17, 18], [17, 21], [21, 22], [21, 25], [25, 26], [25, 30]], "missing_branches": []}, "": {"executed_lines": [1, 2, 4, 6], "summary": {"covered_lines": 4, "num_statements": 4, "percent_covered": 100.0, "percent_covered_display": "100", "missing_lines": 0, "excluded_lines": 0, "percent_statements_covered": 100.0, "percent_statements_covered_display": "100", "num_branches": 0, "num_partial_branches": 0, "covered_branches": 0, "missing_branches": 0, "percent_branches_covered": 100.0, "percent_branches_covered_display": "100"}, "missing_lines": [], "excluded_lines": [], "start_line": 1, "executed_branches": [], "missing_branches": []}}, "classes": {"": {"executed_lines": [1, 2, 4, 6, 11, 12, 13, 15, 16, 17, 18, 21, 22, 23, 24, 25, 26, 27, 28, 30, 32, 33, 34, 35], "summary": {"covered_lines": 24, "num_statements": 24, "percent_covered": 100.0, "percent_covered_display": "100", "missing_lines": 0, "excluded_lines": 0, "percent_statements_covered": 100.0, "percent_statements_covered_display": "100", "num_branches": 8, "num_partial_branches": 0, "covered_branches": 8, "missing_branches": 0, "percent_branches_covered": 100.0, "percent_branches_covered_display": "100"}, "missing_lines": [], "excluded_lines": [], "start_line": 1, "executed_branches": [[12, 13], [12, 15], [17, 18], [17, 21], [21, 22], [21, 25], [25, 26], [25, 30]], "missing_branches": []}}}, "src/rgb_control/window.py": {"executed_lines": [1, 2, 3, 4, 6, 7, 9, 10, 11, 12, 14, 16, 19, 20, 23, 24, 25, 26, 27, 30, 31, 34, 36, 37, 38, 39, 40, 42, 43, 46, 47, 50, 53, 54, 57, 58, 61, 62, 63, 64, 65, 66, 67, 68, 69, 70, 71, 74, 75, 76, 78, 79, 80, 81, 83, 84, 85, 86, 87, 88, 91, 92, 93, 94, 96, 97, 98, 100, 102, 103, 104, 106, 111, 112, 114, 115, 116, 117, 118, 119, 121, 124, 125, 126, 128, 129, 130, 131, 132, 133, 135, 138, 139, 142, 143, 144, 145, 148, 149, 150, 153, 154, 157, 158, 159, 160, 161, 164, 165, 166, 168, 169, 170, 172, 173, 174, 177, 178, 179, 180, 181, 184, 185, 187, 191, 192, 194, 195, 196, 197, 199, 202, 203, 204, 207, 209, 216, 217, 218, 219, 220, 221, 222, 225, 226, 227, 228, 230, 231, 232, 234, 235, 236, 237, 238, 239, 240, 242, 245, 246, 248, 249, 250, 252, 253, 254, 255, 256, 258, 259, 263, 264, 266, 267, 268, 269, 270, 272, 273, 276, 277, 278, 279, 280, 282, 283, 284, 285, 287, 288, 289, 291, 292, 295, 296, 298, 300, 301, 305, 343, 345, 346, 348, 349, 350, 351, 353, 354, 355, 358, 361, 362, 366, 367, 368, 369, 370, 375, 377, 379, 380, 381, 382, 384, 385, 386, 388, 389, 390, 392, 393, 396, 397, 400, 401, 402, 403, 404, 405, 407, 410, 411, 412, 417, 418, 419, 420, 422, 429, 431, 432, 433, 435, 437, 442, 443, 444, 450, 451, 452, 454, 459], "summary": {"covered_lines": 262, "num_statements": 279, "percent_covered": 91.7981072555205, "percent_covered_display": "92", "missing_lines": 17, "excluded_lines": 0, "percent_statements_covered": 93.9068100358423, "percent_statements_covered_display": "94", "num_branches": 38, "num_partial_branches": 7, "covered_branches": 29, "missing_branches": 9, "percent_branches_covered": 76.3157894736842, "percent_branches_covered_display": "76"}, "missing_lines": [32, 394, 413, 414, 415, 423, 424, 425, 426, 427, 438, 439, 446, 447, 455, 456, 457], "excluded_lines": [], "executed_branches": [[23, 24], [23, 30], [24, 23], [24, 25], [26, 24], [26, 27], [31, 34], [92, 93], [92, 111], [226, 227], [226, 230], [234, 235], [234, 242], [278, 279], [278, 282], [345, 346], [345, 348], [354, 355], [367, 368], [367, 377], [393, 396], [403, 404], [411, 412], [437, 442], [442, 443], [443, 444], [443, 450], [450, 451], [450, 454]], "missing_branches": [[31, 32], [354, -298], [393, 394], [403, 407], [411, 413], [437, 438], [442, 446], [446, 447], [446, 450]], "functions": {"get_asset_path": {"executed_lines": [19, 20, 23, 24, 25, 26, 27, 30, 31, 34], "summary": {"covered_lines": 10, "num_statements": 11, "percent_covered": 89.47368421052632, "percent_covered_display": "89", "missing_lines": 1, "excluded_lines": 0, "percent_statements_covered": 90.9090909090909, "percent_statements_covered_display": "91", "num_branches": 8, "num_partial_branches": 1, "covered_branches": 7, "missing_branches": 1, "percent_branches_covered": 87.5, "percent_branches_covered_display": "88"}, "missing_lines": [32], "excluded_lines": [], "start_line": 16, "executed_branches": [[23, 24], [23, 30], [24, 23], [24, 25], [26, 24], [26, 27], [31, 34]], "missing_branches": [[31, 32]]}, "MainWindow.__init__": {"executed_lines": [38, 39, 40, 42, 43, 46, 47, 50, 53, 54, 57, 58, 61, 62, 63, 64, 65, 66, 67, 68, 69, 70, 71, 74, 75, 76, 78, 79, 80, 81, 83, 84, 85, 86, 87, 88, 91, 92, 93, 94, 96, 97, 98, 100, 102, 103, 104, 106, 111, 112, 114, 115, 116, 117, 118, 119, 121, 124, 125, 126, 128, 129, 130, 131, 132, 133, 135, 138, 139, 142, 143, 144, 145, 148, 149, 150, 153, 154, 157, 158, 159, 160, 161, 164, 165, 166, 168, 169, 170, 172, 173, 174, 177, 178, 179, 180, 181, 184, 185, 187, 191, 192, 194, 195, 196, 197, 199, 202, 203, 204, 207, 209, 216, 217, 218, 219, 220, 221, 222, 225, 226, 227, 228, 230, 231, 232, 234, 235, 236, 237, 238, 239, 240, 242, 245, 246, 248, 249, 250, 252, 253, 254, 255, 256, 258, 259, 263, 264, 266, 267, 268, 269, 270, 272, 273, 276, 277, 278, 279, 280, 282, 283, 284, 285, 287, 288, 289, 291, 292, 295, 296], "summary": {"covered_lines": 171, "num_statements": 171, "percent_covered": 100.0, "percent_covered_display": "100", "missing_lines": 0, "excluded_lines": 0, "percent_statements_covered": 100.0, "percent_statements_covered_display": "100", "num_branches": 8, "num_partial_branches": 0, "covered_branches": 8, "missing_branches": 0, "percent_branches_covered": 100.0, "percent_branches_covered_display": "100"}, "missing_lines": [], "excluded_lines": [], "start_line": 37, "executed_branches": [[92, 93], [92, 111], [226, 227], [226, 230], [234, 235], [234, 242], [278, 279], [278, 282]], "missing_branches": []}, "MainWindow.update_cpu_indicator": {"executed_lines": [300, 301, 305, 343, 345, 346, 348, 349, 350, 351, 353, 354, 355], "summary": {"covered_lines": 13, "num_statements": 13, "percent_covered": 94.11764705882354, "percent_covered_display": "94", "missing_lines": 0, "excluded_lines": 0, "percent_statements_covered": 100.0, "percent_statements_covered_display": "100", "num_branches": 4, "num_partial_branches": 1, "covered_branches": 3, "missing_branches": 1, "percent_branches_covered": 75.0, "percent_branches_covered_display": "75"}, "missing_lines": [], "excluded_lines": [], "start_line": 298, "executed_branches": [[345, 346], [345, 348], [354, 355]], "missing_branches": [[354, -298]]}, "MainWindow.load_custom_css": {"executed_lines": [361, 362, 366, 367, 368, 369, 370, 375, 377], "summary": {"covered_lines": 9, "num_statements": 9, "percent_covered": 100.0, "percent_covered_display": "100", "missing_lines": 0, "excluded_lines": 0, "percent_statements_covered": 100.0, "percent_statements_covered_display": "100", "num_branches": 2, "num_partial_branches": 0, "covered_branches": 2, "missing_branches": 0, "percent_branches_covered": 100.0, "percent_branches_covered_display": "100"}, "missing_lines": [], "excluded_lines": [], "start_line": 358, "executed_branches": [[367, 368], [367, 377]], "missing_branches": []}, "MainWindow.setup_actions": {"executed_lines": [380, 381, 382, 384, 385, 386, 388, 389, 390], "summary": {"covered_lines": 9, "num_statements": 9, "percent_covered": 100.0, "percent_covered_display": "100", "missing_lines": 0, "excluded_lines": 0, "percent_statements_covered": 100.0, "percent_statements_covered_display": "100", "num_branches": 0, "num_partial_branches": 0, "covered_branches": 0, "missing_branches": 0, "percent_branches_covered": 100.0, "percent_branches_covered_display": "100"}, "missing_lines": [], "excluded_lines": [], "start_line": 379, "executed_branches": [], "missing_branches": []}, "MainWindow.on_service_notify": {"executed_lines": [393, 396, 397, 400, 401, 402, 403, 404, 405, 407], "summary": {"covered_lines": 10, "num_statements": 11, "percent_covered": 80.0, "percent_covered_display": "80", "missing_lines": 1, "excluded_lines": 0, "percent_statements_covered": 90.9090909090909, "percent_statements_covered_display": "91", "num_branches": 4, "num_partial_branches": 2, "covered_branches": 2, "missing_branches": 2, "percent_branches_covered": 50.0, "percent_branches_covered_display": "50"}, "missing_lines": [394], "excluded_lines": [], "start_line": 392, "executed_branches": [[393, 396], [403, 404]], "missing_branches": [[393, 394], [403, 407]]}, "MainWindow.on_mode_notify": {"executed_lines": [411, 412], "summary": {"covered_lines": 2, "num_statements": 5, "percent_covered": 42.857142857142854, "percent_covered_display": "43", "missing_lines": 3, "excluded_lines": 0, "percent_statements_covered": 40.0, "percent_statements_covered_display": "40", "num_branches": 2, "num_partial_branches": 1, "covered_branches": 1, "missing_branches": 1, "percent_branches_covered": 50.0, "percent_branches_covered_display": "50"}, "missing_lines": [413, 414, 415], "excluded_lines": [], "start_line": 410, "executed_branches": [[411, 412]], "missing_branches": [[411, 413]]}, "MainWindow.on_color_clicked": {"executed_lines": [418, 419, 420], "summary": {"covered_lines": 3, "num_statements": 3, "percent_covered": 100.0, "percent_covered_display": "100", "missing_lines": 0, "excluded_lines": 0, "percent_statements_covered": 100.0, "percent_statements_covered_display": "100", "num_branches": 0, "num_partial_branches": 0, "covered_branches": 0, "missing_branches": 0, "percent_branches_covered": 100.0, "percent_branches_covered_display": "100"}, "missing_lines": [], "excluded_lines": [], "start_line": 417, "executed_branches": [], "missing_branches": []}, "MainWindow.on_custom_color_selected": {"executed_lines": [], "summary": {"covered_lines": 0, "num_statements": 5, "percent_covered": 0.0, "percent_covered_display": "0", "missing_lines": 5, "excluded_lines": 0, "percent_statements_covered": 0.0, "percent_statements_covered_display": "0", "num_branches": 0, "num_partial_branches": 0, "covered_branches": 0, "missing_branches": 0, "percent_branches_covered": 100.0, "percent_branches_covered_display": "100"}, "missing_lines": [423, 424, 425, 426, 427], "excluded_lines": [], "start_line": 422, "executed_branches": [], "missing_branches": []}, "MainWindow.update_status_ui": {"executed_lines": [431, 432, 433, 435, 437, 442, 443, 444, 450, 451, 452, 454, 459], "summary": {"covered_lines": 13, "num_statements": 20, "percent_covered": 63.333333333333336, "percent_covered_display": "63", "missing_lines": 7, "excluded_lines": 0, "percent_statements_covered": 65.0, "percent_statements_covered_display": "65", "num_branches": 10, "num_partial_branches": 2, "covered_branches": 6, "missing_branches": 4, "percent_branches_covered": 60.0, "percent_branches_covered_display": "60"}, "missing_lines": [438, 439, 446, 447, 455, 456, 457], "excluded_lines": [], "start_line": 429, "executed_branches": [[437, 442], [442, 443], [443, 444], [443, 450], [450, 451], [450, 454]], "missing_branches": [[437, 438], [442, 446], [446, 447], [446, 450]]}, "": {"executed_lines": [1, 2, 3, 4, 6, 7, 9, 10, 11, 12, 14, 16, 36, 37, 298, 358, 379, 392, 410, 417, 422, 429], "summary": {"covered_lines": 22, "num_statements": 22, "percent_covered": 100.0, "percent_covered_display": "100", "missing_lines": 0, "excluded_lines": 0, "percent_statements_covered": 100.0, "percent_statements_covered_display": "100", "num_branches": 0, "num_partial_branches": 0, "covered_branches": 0, "missing_branches": 0, "percent_branches_covered": 100.0, "percent_branches_covered_display": "100"}, "missing_lines": [], "excluded_lines": [], "start_line": 1, "executed_branches": [], "missing_branches": []}}, "classes": {"MainWindow": {"executed_lines": [38, 39, 40, 42, 43, 46, 47, 50, 53, 54, 57, 58, 61, 62, 63, 64, 65, 66, 67, 68, 69, 70, 71, 74, 75, 76, 78, 79, 80, 81, 83, 84, 85, 86, 87, 88, 91, 92, 93, 94, 96, 97, 98, 100, 102, 103, 104, 106, 111, 112, 114, 115, 116, 117, 118, 119, 121, 124, 125, 126, 128, 129, 130, 131, 132, 133, 135, 138, 139, 142, 143, 144, 145, 148, 149, 150, 153, 154, 157, 158, 159, 160, 161, 164, 165, 166, 168, 169, 170, 172, 173, 174, 177, 178, 179, 180, 181, 184, 185, 187, 191, 192, 194, 195, 196, 197, 199, 202, 203, 204, 207, 209, 216, 217, 218, 219, 220, 221, 222, 225, 226, 227, 228, 230, 231, 232, 234, 235, 236, 237, 238, 239, 240, 242, 245, 246, 248, 249, 250, 252, 253, 254, 255, 256, 258, 259, 263, 264, 266, 267, 268, 269, 270, 272, 273, 276, 277, 278, 279, 280, 282, 283, 284, 285, 287, 288, 289, 291, 292, 295, 296, 300, 301, 305, 343, 345, 346, 348, 349, 350, 351, 353, 354, 355, 361, 362, 366, 367, 368, 369, 370, 375, 377, 380, 381, 382, 384, 385, 386, 388, 389, 390, 393, 396, 397, 400, 401, 402, 403, 404, 405, 407, 411, 412, 418, 419, 420, 431, 432, 433, 435, 437, 442, 443, 444, 450, 451, 452, 454, 459], "summary": {"covered_lines": 230, "num_statements": 246, "percent_covered": 91.30434782608695, "percent_covered_display": "91", "missing_lines": 16, "excluded_lines": 0, "percent_statements_covered": 93.4959349593496, "percent_statements_covered_display": "93", "num_branches": 30, "num_partial_branches": 6, "covered_branches": 22, "missing_branches": 8, "percent_branches_covered": 73.33333333333333, "percent_branches_covered_display": "73"}, "missing_lines": [394, 413, 414, 415, 423, 424, 425, 426, 427, 438, 439, 446, 447, 455, 456, 457], "excluded_lines": [], "start_line": 36, "executed_branches": [[92, 93], [92, 111], [226, 227], [226, 230], [234, 235], [234, 242], [278, 279], [278, 282], [345, 346], [345, 348], [354, 355], [367, 368], [367, 377], [393, 396], [403, 404], [411, 412], [437, 442], [442, 443], [443, 444], [443, 450], [450, 451], [450, 454]], "missing_branches": [[354, -298], [393, 394], [403, 407], [411, 413], [437, 438], [442, 446], [446, 447], [446, 450]]}, "": {"executed_lines": [1, 2, 3, 4, 6, 7, 9, 10, 11, 12, 14, 16, 19, 20, 23, 24, 25, 26, 27, 30, 31, 34, 36, 37, 298, 358, 379, 392, 410, 417, 422, 429], "summary": {"covered_lines": 32, "num_statements": 33, "percent_covered": 95.1219512195122, "percent_covered_display": "95", "missing_lines": 1, "excluded_lines": 0, "percent_statements_covered": 96.96969696969697, "percent_statements_covered_display": "97", "num_branches": 8, "num_partial_branches": 1, "covered_branches": 7, "missing_branches": 1, "percent_branches_covered": 87.5, "percent_branches_covered_display": "88"}, "missing_lines": [32], "excluded_lines": [], "start_line": 1, "executed_branches": [[23, 24], [23, 30], [24, 23], [24, 25], [26, 24], [26, 27], [31, 34]], "missing_branches": [[31, 32]]}}}, "src/rgb_daemon/__init__.py": {"executed_lines": [], "summary": {"covered_lines": 0, "num_statements": 0, "percent_covered": 100.0, "percent_covered_display": "100", "missing_lines": 0, "excluded_lines": 0, "percent_statements_covered": 100.0, "percent_statements_covered_display": "100", "num_branches": 0, "num_partial_branches": 0, "covered_branches": 0, "missing_branches": 0, "percent_branches_covered": 100.0, "percent_branches_covered_display": "100"}, "missing_lines": [], "excluded_lines": [], "executed_branches": [], "missing_branches": [], "functions": {"": {"executed_lines": [], "summary": {"covered_lines": 0, "num_statements": 0, "percent_covered": 100.0, "percent_covered_display": "100", "missing_lines": 0, "excluded_lines": 0, "percent_statements_covered": 100.0, "percent_statements_covered_display": "100", "num_branches": 0, "num_partial_branches": 0, "covered_branches": 0, "missing_branches": 0, "percent_branches_covered": 100.0, "percent_branches_covered_display": "100"}, "missing_lines": [], "excluded_lines": [], "start_line": 1, "executed_branches": [], "missing_branches": []}}, "classes": {"": {"executed_lines": [], "summary": {"covered_lines": 0, "num_statements": 0, "percent_covered": 100.0, "percent_covered_display": "100", "missing_lines": 0, "excluded_lines": 0, "percent_statements_covered": 100.0, "percent_statements_covered_display": "100", "num_branches": 0, "num_partial_branches": 0, "covered_branches": 0, "missing_branches": 0, "percent_branches_covered": 100.0, "percent_branches_covered_display": "100"}, "missing_lines": [], "excluded_lines": [], "start_line": 1, "executed_branches": [], "missing_branches": []}}}, "src/rgb_daemon/application.py": {"executed_lines": [1, 2, 3, 5, 6, 11, 12, 14, 16, 17, 24, 25, 26, 27, 29, 31, 34, 35, 36, 37, 38, 39, 40, 43, 44, 51, 52, 53, 54, 55, 58, 59, 66, 68, 69, 70, 71, 72, 74, 76, 77, 78, 79, 80, 82, 84, 85, 86, 87, 88], "summary": {"covered_lines": 50, "num_statements": 58, "percent_covered": 84.21052631578948, "percent_covered_display": "84", "missing_lines": 8, "excluded_lines": 0, "percent_statements_covered": 86.20689655172414, "percent_statements_covered_display": "86", "num_branches": 18, "num_partial_branches": 4, "covered_branches": 14, "missing_branches": 4, "percent_branches_covered": 77.77777777777777, "percent_branches_covered_display": "78"}, "missing_lines": [7, 8, 9, 32, 41, 42, 56, 57], "excluded_lines": [], "executed_branches": [[31, 34], [35, 36], [35, 51], [37, 38], [37, 43], [52, 53], [69, 70], [69, 71], [76, 77], [76, 78], [79, 80], [84, 85], [84, 86], [87, 88]], "missing_branches": [[31, 32], [52, 58], [79, -74], [87, -82]], "functions": {"DaemonUseCases.__init__": {"executed_lines": [24, 25, 26, 27], "summary": {"covered_lines": 4, "num_statements": 4, "percent_covered": 100.0, "percent_covered_display": "100", "missing_lines": 0, "excluded_lines": 0, "percent_statements_covered": 100.0, "percent_statements_covered_display": "100", "num_branches": 0, "num_partial_branches": 0, "covered_branches": 0, "missing_branches": 0, "percent_branches_covered": 100.0, "percent_branches_covered_display": "100"}, "missing_lines": [], "excluded_lines": [], "start_line": 17, "executed_branches": [], "missing_branches": []}, "DaemonUseCases.set_active": {"executed_lines": [31, 34, 35, 36, 37, 38, 39, 40, 43, 44, 51, 52, 53, 54, 55, 58, 59], "summary": {"covered_lines": 17, "num_statements": 22, "percent_covered": 76.66666666666667, "percent_covered_display": "77", "missing_lines": 5, "excluded_lines": 0, "percent_statements_covered": 77.27272727272727, "percent_statements_covered_display": "77", "num_branches": 8, "num_partial_branches": 2, "covered_branches": 6, "missing_branches": 2, "percent_branches_covered": 75.0, "percent_branches_covered_display": "75"}, "missing_lines": [32, 41, 42, 56, 57], "excluded_lines": [], "start_line": 29, "executed_branches": [[31, 34], [35, 36], [35, 51], [37, 38], [37, 43], [52, 53]], "missing_branches": [[31, 32], [52, 58]]}, "DaemonUseCases.toggle_mode": {"executed_lines": [68, 69, 70, 71, 72], "summary": {"covered_lines": 5, "num_statements": 5, "percent_covered": 100.0, "percent_covered_display": "100", "missing_lines": 0, "excluded_lines": 0, "percent_statements_covered": 100.0, "percent_statements_covered_display": "100", "num_branches": 2, "num_partial_branches": 0, "covered_branches": 2, "missing_branches": 0, "percent_branches_covered": 100.0, "percent_branches_covered_display": "100"}, "missing_lines": [], "excluded_lines": [], "start_line": 66, "executed_branches": [[69, 70], [69, 71]], "missing_branches": []}, "DaemonUseCases.next_color": {"executed_lines": [76, 77, 78, 79, 80], "summary": {"covered_lines": 5, "num_statements": 5, "percent_covered": 88.88888888888889, "percent_covered_display": "89", "missing_lines": 0, "excluded_lines": 0, "percent_statements_covered": 100.0, "percent_statements_covered_display": "100", "num_branches": 4, "num_partial_branches": 1, "covered_branches": 3, "missing_branches": 1, "percent_branches_covered": 75.0, "percent_branches_covered_display": "75"}, "missing_lines": [], "excluded_lines": [], "start_line": 74, "executed_branches": [[76, 77], [76, 78], [79, 80]], "missing_branches": [[79, -74]]}, "DaemonUseCases.prev_color": {"executed_lines": [84, 85, 86, 87, 88], "summary": {"covered_lines": 5, "num_statements": 5, "percent_covered": 88.88888888888889, "percent_covered_display": "89", "missing_lines": 0, "excluded_lines": 0, "percent_statements_covered": 100.0, "percent_statements_covered_display": "100", "num_branches": 4, "num_partial_branches": 1, "covered_branches": 3, "missing_branches": 1, "percent_branches_covered": 75.0, "percent_branches_covered_display": "75"}, "missing_lines": [], "excluded_lines": [], "start_line": 82, "executed_branches": [[84, 85], [84, 86], [87, 88]], "missing_branches": [[87, -82]]}, "": {"executed_lines": [1, 2, 3, 5, 6, 11, 12, 14, 16, 17, 29, 66, 74, 82], "summary": {"covered_lines": 14, "num_statements": 17, "percent_covered": 82.3529411764706, "percent_covered_display": "82", "missing_lines": 3, "excluded_lines": 0, "percent_statements_covered": 82.3529411764706, "percent_statements_covered_display": "82", "num_branches": 0, "num_partial_branches": 0, "covered_branches": 0, "missing_branches": 0, "percent_branches_covered": 100.0, "percent_branches_covered_display": "100"}, "missing_lines": [7, 8, 9], "excluded_lines": [], "start_line": 1, "executed_branches": [], "missing_branches": []}}, "classes": {"DaemonUseCases": {"executed_lines": [24, 25, 26, 27, 31, 34, 35, 36, 37, 38, 39, 40, 43, 44, 51, 52, 53, 54, 55, 58, 59, 68, 69, 70, 71, 72, 76, 77, 78, 79, 80, 84, 85, 86, 87, 88], "summary": {"covered_lines": 36, "num_statements": 41, "percent_covered": 84.7457627118644, "percent_covered_display": "85", "missing_lines": 5, "excluded_lines": 0, "percent_statements_covered": 87.8048780487805, "percent_statements_covered_display": "88", "num_branches": 18, "num_partial_branches": 4, "covered_branches": 14, "missing_branches": 4, "percent_branches_covered": 77.77777777777777, "percent_branches_covered_display": "78"}, "missing_lines": [32, 41, 42, 56, 57], "excluded_lines": [], "start_line": 16, "executed_branches": [[31, 34], [35, 36], [35, 51], [37, 38], [37, 43], [52, 53], [69, 70], [69, 71], [76, 77], [76, 78], [79, 80], [84, 85], [84, 86], [87, 88]], "missing_branches": [[31, 32], [52, 58], [79, -74], [87, -82]]}, "": {"executed_lines": [1, 2, 3, 5, 6, 11, 12, 14, 16, 17, 29, 66, 74, 82], "summary": {"covered_lines": 14, "num_statements": 17, "percent_covered": 82.3529411764706, "percent_covered_display": "82", "missing_lines": 3, "excluded_lines": 0, "percent_statements_covered": 82.3529411764706, "percent_statements_covered_display": "82", "num_branches": 0, "num_partial_branches": 0, "covered_branches": 0, "missing_branches": 0, "percent_branches_covered": 100.0, "percent_branches_covered_display": "100"}, "missing_lines": [7, 8, 9], "excluded_lines": [], "start_line": 1, "executed_branches": [], "missing_branches": []}}}, "src/rgb_daemon/domain.py": {"executed_lines": [1, 2, 4, 5, 6, 7, 9, 10, 11, 12, 13, 14, 15, 17, 24, 25, 26, 27, 28, 29, 30, 31, 32, 34, 35, 36, 38, 39, 40, 42, 43], "summary": {"covered_lines": 31, "num_statements": 31, "percent_covered": 100.0, "percent_covered_display": "100", "missing_lines": 0, "excluded_lines": 0, "percent_statements_covered": 100.0, "percent_statements_covered_display": "100", "num_branches": 2, "num_partial_branches": 0, "covered_branches": 2, "missing_branches": 0, "percent_branches_covered": 100.0, "percent_branches_covered_display": "100"}, "missing_lines": [], "excluded_lines": [], "executed_branches": [[10, 11], [10, 12]], "missing_branches": [], "functions": {"Color.__post_init__": {"executed_lines": [10, 11, 12, 13, 14, 15], "summary": {"covered_lines": 6, "num_statements": 6, "percent_covered": 100.0, "percent_covered_display": "100", "missing_lines": 0, "excluded_lines": 0, "percent_statements_covered": 100.0, "percent_statements_covered_display": "100", "num_branches": 2, "num_partial_branches": 0, "covered_branches": 2, "missing_branches": 0, "percent_branches_covered": 100.0, "percent_branches_covered_display": "100"}, "missing_lines": [], "excluded_lines": [], "start_line": 9, "executed_branches": [[10, 11], [10, 12]], "missing_branches": []}, "DaemonState.next_color": {"executed_lines": [35, 36], "summary": {"covered_lines": 2, "num_statements": 2, "percent_covered": 100.0, "percent_covered_display": "100", "missing_lines": 0, "excluded_lines": 0, "percent_statements_covered": 100.0, "percent_statements_covered_display": "100", "num_branches": 0, "num_partial_branches": 0, "covered_branches": 0, "missing_branches": 0, "percent_branches_covered": 100.0, "percent_branches_covered_display": "100"}, "missing_lines": [], "excluded_lines": [], "start_line": 34, "executed_branches": [], "missing_branches": []}, "DaemonState.prev_color": {"executed_lines": [39, 40], "summary": {"covered_lines": 2, "num_statements": 2, "percent_covered": 100.0, "percent_covered_display": "100", "missing_lines": 0, "excluded_lines": 0, "percent_statements_covered": 100.0, "percent_statements_covered_display": "100", "num_branches": 0, "num_partial_branches": 0, "covered_branches": 0, "missing_branches": 0, "percent_branches_covered": 100.0, "percent_branches_covered_display": "100"}, "missing_lines": [], "excluded_lines": [], "start_line": 38, "executed_branches": [], "missing_branches": []}, "DaemonState.get_current_color": {"executed_lines": [43], "summary": {"covered_lines": 1, "num_statements": 1, "percent_covered": 100.0, "percent_covered_display": "100", "missing_lines": 0, "excluded_lines": 0, "percent_statements_covered": 100.0, "percent_statements_covered_display": "100", "num_branches": 0, "num_partial_branches": 0, "covered_branches": 0, "missing_branches": 0, "percent_branches_covered": 100.0, "percent_branches_covered_display": "100"}, "missing_lines": [], "excluded_lines": [], "start_line": 42, "executed_branches": [], "missing_branches": []}, "": {"executed_lines": [1, 2, 4, 5, 6, 7, 9, 17, 24, 25, 26, 27, 28, 29, 30, 31, 32, 34, 38, 42], "summary": {"covered_lines": 20, "num_statements": 20, "percent_covered": 100.0, "percent_covered_display": "100", "missing_lines": 0, "excluded_lines": 0, "percent_statements_covered": 100.0, "percent_statements_covered_display": "100", "num_branches": 0, "num_partial_branches": 0, "covered_branches": 0, "missing_branches": 0, "percent_branches_covered": 100.0, "percent_branches_covered_display": "100"}, "missing_lines": [], "excluded_lines": [], "start_line": 1, "executed_branches": [], "missing_branches": []}}, "classes": {"Color": {"executed_lines": [10, 11, 12, 13, 14, 15], "summary": {"covered_lines": 6, "num_statements": 6, "percent_covered": 100.0, "percent_covered_display": "100", "missing_lines": 0, "excluded_lines": 0, "percent_statements_covered": 100.0, "percent_statements_covered_display": "100", "num_branches": 2, "num_partial_branches": 0, "covered_branches": 2, "missing_branches": 0, "percent_branches_covered": 100.0, "percent_branches_covered_display": "100"}, "missing_lines": [], "excluded_lines": [], "start_line": 5, "executed_branches": [[10, 11], [10, 12]], "missing_branches": []}, "DaemonState": {"executed_lines": [35, 36, 39, 40, 43], "summary": {"covered_lines": 5, "num_statements": 5, "percent_covered": 100.0, "percent_covered_display": "100", "missing_lines": 0, "excluded_lines": 0, "percent_statements_covered": 100.0, "percent_statements_covered_display": "100", "num_branches": 0, "num_partial_branches": 0, "covered_branches": 0, "missing_branches": 0, "percent_branches_covered": 100.0, "percent_branches_covered_display": "100"}, "missing_lines": [], "excluded_lines": [], "start_line": 25, "executed_branches": [], "missing_branches": []}, "": {"executed_lines": [1, 2, 4, 5, 6, 7, 9, 17, 24, 25, 26, 27, 28, 29, 30, 31, 32, 34, 38, 42], "summary": {"covered_lines": 20, "num_statements": 20, "percent_covered": 100.0, "percent_covered_display": "100", "missing_lines": 0, "excluded_lines": 0, "percent_statements_covered": 100.0, "percent_statements_covered_display": "100", "num_branches": 0, "num_partial_branches": 0, "covered_branches": 0, "missing_branches": 0, "percent_branches_covered": 100.0, "percent_branches_covered_display": "100"}, "missing_lines": [], "excluded_lines": [], "start_line": 1, "executed_branches": [], "missing_branches": []}}}, "src/rgb_daemon/infrastructure.py": {"executed_lines": [1, 2, 3, 4, 5, 6, 7, 8, 10, 12, 13, 14, 17, 18, 19, 23, 24, 25, 27, 28, 31, 32, 33, 34, 36, 37, 38, 45, 46, 47, 51, 56, 57, 58, 60, 65, 66, 68, 69, 71, 73, 74, 77, 81, 86, 87, 88, 89, 91, 92, 94, 95], "summary": {"covered_lines": 52, "num_statements": 61, "percent_covered": 84.61538461538461, "percent_covered_display": "85", "missing_lines": 9, "excluded_lines": 0, "percent_statements_covered": 85.24590163934427, "percent_statements_covered_display": "85", "num_branches": 4, "num_partial_branches": 1, "covered_branches": 3, "missing_branches": 1, "percent_branches_covered": 75.0, "percent_branches_covered_display": "75"}, "missing_lines": [15, 21, 26, 29, 48, 49, 82, 83, 84], "excluded_lines": [], "executed_branches": [[45, 46], [73, 74], [73, 77]], "missing_branches": [[45, 47]], "functions": {"OSDProvider.notify": {"executed_lines": [], "summary": {"covered_lines": 0, "num_statements": 1, "percent_covered": 0.0, "percent_covered_display": "0", "missing_lines": 1, "excluded_lines": 0, "percent_statements_covered": 0.0, "percent_statements_covered_display": "0", "num_branches": 0, "num_partial_branches": 0, "covered_branches": 0, "missing_branches": 0, "percent_branches_covered": 100.0, "percent_branches_covered_display": "100"}, "missing_lines": [15], "excluded_lines": [], "start_line": 14, "executed_branches": [], "missing_branches": []}, "ColorApplicator.apply": {"executed_lines": [], "summary": {"covered_lines": 0, "num_statements": 1, "percent_covered": 0.0, "percent_covered_display": "0", "missing_lines": 1, "excluded_lines": 0, "percent_statements_covered": 0.0, "percent_statements_covered_display": "0", "num_branches": 0, "num_partial_branches": 0, "covered_branches": 0, "missing_branches": 0, "percent_branches_covered": 100.0, "percent_branches_covered_display": "100"}, "missing_lines": [21], "excluded_lines": [], "start_line": 19, "executed_branches": [], "missing_branches": []}, "StatusStorage.save_status": {"executed_lines": [], "summary": {"covered_lines": 0, "num_statements": 1, "percent_covered": 0.0, "percent_covered_display": "0", "missing_lines": 1, "excluded_lines": 0, "percent_statements_covered": 0.0, "percent_statements_covered_display": "0", "num_branches": 0, "num_partial_branches": 0, "covered_branches": 0, "missing_branches": 0, "percent_branches_covered": 100.0, "percent_branches_covered_display": "100"}, "missing_lines": [26], "excluded_lines": [], "start_line": 25, "executed_branches": [], "missing_branches": []}, "StatusStorage.save_pid": {"executed_lines": [], "summary": {"covered_lines": 0, "num_statements": 1, "percent_covered": 0.0, "percent_covered_display": "0", "missing_lines": 1, "excluded_lines": 0, "percent_statements_covered": 0.0, "percent_statements_covered_display": "0", "num_branches": 0, "num_partial_branches": 0, "covered_branches": 0, "missing_branches": 0, "percent_branches_covered": 100.0, "percent_branches_covered_display": "100"}, "missing_lines": [29], "excluded_lines": [], "start_line": 28, "executed_branches": [], "missing_branches": []}, "NotifyOSD.__init__": {"executed_lines": [33, 34], "summary": {"covered_lines": 2, "num_statements": 2, "percent_covered": 100.0, "percent_covered_display": "100", "missing_lines": 0, "excluded_lines": 0, "percent_statements_covered": 100.0, "percent_statements_covered_display": "100", "num_branches": 0, "num_partial_branches": 0, "covered_branches": 0, "missing_branches": 0, "percent_branches_covered": 100.0, "percent_branches_covered_display": "100"}, "missing_lines": [], "excluded_lines": [], "start_line": 32, "executed_branches": [], "missing_branches": []}, "NotifyOSD.notify": {"executed_lines": [37, 38, 45, 46, 47], "summary": {"covered_lines": 5, "num_statements": 7, "percent_covered": 66.66666666666667, "percent_covered_display": "67", "missing_lines": 2, "excluded_lines": 0, "percent_statements_covered": 71.42857142857143, "percent_statements_covered_display": "71", "num_branches": 2, "num_partial_branches": 1, "covered_branches": 1, "missing_branches": 1, "percent_branches_covered": 50.0, "percent_branches_covered_display": "50"}, "missing_lines": [48, 49], "excluded_lines": [], "start_line": 36, "executed_branches": [[45, 46]], "missing_branches": [[45, 47]]}, "OpenRGBColorApplicator.__init__": {"executed_lines": [57, 58], "summary": {"covered_lines": 2, "num_statements": 2, "percent_covered": 100.0, "percent_covered_display": "100", "missing_lines": 0, "excluded_lines": 0, "percent_statements_covered": 100.0, "percent_statements_covered_display": "100", "num_branches": 0, "num_partial_branches": 0, "covered_branches": 0, "missing_branches": 0, "percent_branches_covered": 100.0, "percent_branches_covered_display": "100"}, "missing_lines": [], "excluded_lines": [], "start_line": 56, "executed_branches": [], "missing_branches": []}, "OpenRGBColorApplicator.apply": {"executed_lines": [65, 66, 68, 69, 71, 73, 74, 77, 81], "summary": {"covered_lines": 9, "num_statements": 12, "percent_covered": 78.57142857142857, "percent_covered_display": "79", "missing_lines": 3, "excluded_lines": 0, "percent_statements_covered": 75.0, "percent_statements_covered_display": "75", "num_branches": 2, "num_partial_branches": 0, "covered_branches": 2, "missing_branches": 0, "percent_branches_covered": 100.0, "percent_branches_covered_display": "100"}, "missing_lines": [82, 83, 84], "excluded_lines": [], "start_line": 60, "executed_branches": [[73, 74], [73, 77]], "missing_branches": []}, "FileStatusStorage.__init__": {"executed_lines": [88, 89], "summary": {"covered_lines": 2, "num_statements": 2, "percent_covered": 100.0, "percent_covered_display": "100", "missing_lines": 0, "excluded_lines": 0, "percent_statements_covered": 100.0, "percent_statements_covered_display": "100", "num_branches": 0, "num_partial_branches": 0, "covered_branches": 0, "missing_branches": 0, "percent_branches_covered": 100.0, "percent_branches_covered_display": "100"}, "missing_lines": [], "excluded_lines": [], "start_line": 87, "executed_branches": [], "missing_branches": []}, "FileStatusStorage.save_status": {"executed_lines": [92], "summary": {"covered_lines": 1, "num_statements": 1, "percent_covered": 100.0, "percent_covered_display": "100", "missing_lines": 0, "excluded_lines": 0, "percent_statements_covered": 100.0, "percent_statements_covered_display": "100", "num_branches": 0, "num_partial_branches": 0, "covered_branches": 0, "missing_branches": 0, "percent_branches_covered": 100.0, "percent_branches_covered_display": "100"}, "missing_lines": [], "excluded_lines": [], "start_line": 91, "executed_branches": [], "missing_branches": []}, "FileStatusStorage.save_pid": {"executed_lines": [95], "summary": {"covered_lines": 1, "num_statements": 1, "percent_covered": 100.0, "percent_covered_display": "100", "missing_lines": 0, "excluded_lines": 0, "percent_statements_covered": 100.0, "percent_statements_covered_display": "100", "num_branches": 0, "num_partial_branches": 0, "covered_branches": 0, "missing_branches": 0, "percent_branches_covered": 100.0, "percent_branches_covered_display": "100"}, "missing_lines": [], "excluded_lines": [], "start_line": 94, "executed_branches": [], "missing_branches": []}, "": {"executed_lines": [1, 2, 3, 4, 5, 6, 7, 8, 10, 12, 13, 14, 17, 18, 19, 23, 24, 25, 27, 28, 31, 32, 36, 51, 56, 60, 86, 87, 91, 94], "summary": {"covered_lines": 30, "num_statements": 30, "percent_covered": 100.0, "percent_covered_display": "100", "missing_lines": 0, "excluded_lines": 0, "percent_statements_covered": 100.0, "percent_statements_covered_display": "100", "num_branches": 0, "num_partial_branches": 0, "covered_branches": 0, "missing_branches": 0, "percent_branches_covered": 100.0, "percent_branches_covered_display": "100"}, "missing_lines": [], "excluded_lines": [], "start_line": 1, "executed_branches": [], "missing_branches": []}}, "classes": {"OSDProvider": {"executed_lines": [], "summary": {"covered_lines": 0, "num_statements": 1, "percent_covered": 0.0, "percent_covered_display": "0", "missing_lines": 1, "excluded_lines": 0, "percent_statements_covered": 0.0, "percent_statements_covered_display": "0", "num_branches": 0, "num_partial_branches": 0, "covered_branches": 0, "missing_branches": 0, "percent_branches_covered": 100.0, "percent_branches_covered_display": "100"}, "missing_lines": [15], "excluded_lines": [], "start_line": 12, "executed_branches": [], "missing_branches": []}, "ColorApplicator": {"executed_lines": [], "summary": {"covered_lines": 0, "num_statements": 1, "percent_covered": 0.0, "percent_covered_display": "0", "missing_lines": 1, "excluded_lines": 0, "percent_statements_covered": 0.0, "percent_statements_covered_display": "0", "num_branches": 0, "num_partial_branches": 0, "covered_branches": 0, "missing_branches": 0, "percent_branches_covered": 100.0, "percent_branches_covered_display": "100"}, "missing_lines": [21], "excluded_lines": [], "start_line": 17, "executed_branches": [], "missing_branches": []}, "StatusStorage": {"executed_lines": [], "summary": {"covered_lines": 0, "num_statements": 2, "percent_covered": 0.0, "percent_covered_display": "0", "missing_lines": 2, "excluded_lines": 0, "percent_statements_covered": 0.0, "percent_statements_covered_display": "0", "num_branches": 0, "num_partial_branches": 0, "covered_branches": 0, "missing_branches": 0, "percent_branches_covered": 100.0, "percent_branches_covered_display": "100"}, "missing_lines": [26, 29], "excluded_lines": [], "start_line": 23, "executed_branches": [], "missing_branches": []}, "NotifyOSD": {"executed_lines": [33, 34, 37, 38, 45, 46, 47], "summary": {"covered_lines": 7, "num_statements": 9, "percent_covered": 72.72727272727273, "percent_covered_display": "73", "missing_lines": 2, "excluded_lines": 0, "percent_statements_covered": 77.77777777777777, "percent_statements_covered_display": "78", "num_branches": 2, "num_partial_branches": 1, "covered_branches": 1, "missing_branches": 1, "percent_branches_covered": 50.0, "percent_branches_covered_display": "50"}, "missing_lines": [48, 49], "excluded_lines": [], "start_line": 31, "executed_branches": [[45, 46]], "missing_branches": [[45, 47]]}, "OpenRGBColorApplicator": {"executed_lines": [57, 58, 65, 66, 68, 69, 71, 73, 74, 77, 81], "summary": {"covered_lines": 11, "num_statements": 14, "percent_covered": 81.25, "percent_covered_display": "81", "missing_lines": 3, "excluded_lines": 0, "percent_statements_covered": 78.57142857142857, "percent_statements_covered_display": "79", "num_branches": 2, "num_partial_branches": 0, "covered_branches": 2, "missing_branches": 0, "percent_branches_covered": 100.0, "percent_branches_covered_display": "100"}, "missing_lines": [82, 83, 84], "excluded_lines": [], "start_line": 51, "executed_branches": [[73, 74], [73, 77]], "missing_branches": []}, "FileStatusStorage": {"executed_lines": [88, 89, 92, 95], "summary": {"covered_lines": 4, "num_statements": 4, "percent_covered": 100.0, "percent_covered_display": "100", "missing_lines": 0, "excluded_lines": 0, "percent_statements_covered": 100.0, "percent_statements_covered_display": "100", "num_branches": 0, "num_partial_branches": 0, "covered_branches": 0, "missing_branches": 0, "percent_branches_covered": 100.0, "percent_branches_covered_display": "100"}, "missing_lines": [], "excluded_lines": [], "start_line": 86, "executed_branches": [], "missing_branches": []}, "": {"executed_lines": [1, 2, 3, 4, 5, 6, 7, 8, 10, 12, 13, 14, 17, 18, 19, 23, 24, 25, 27, 28, 31, 32, 36, 51, 56, 60, 86, 87, 91, 94], "summary": {"covered_lines": 30, "num_statements": 30, "percent_covered": 100.0, "percent_covered_display": "100", "missing_lines": 0, "excluded_lines": 0, "percent_statements_covered": 100.0, "percent_statements_covered_display": "100", "num_branches": 0, "num_partial_branches": 0, "covered_branches": 0, "missing_branches": 0, "percent_branches_covered": 100.0, "percent_branches_covered_display": "100"}, "missing_lines": [], "excluded_lines": [], "start_line": 1, "executed_branches": [], "missing_branches": []}}}, "src/rgb_daemon/main.py": {"executed_lines": [2, 3, 4, 5, 6, 7, 8, 9, 10, 12, 14, 15, 16, 19, 20, 21, 22, 23, 25, 26, 31, 33, 34, 35, 36, 37, 38, 39, 40, 41, 42, 47, 49, 51, 52, 53, 54, 55, 58, 70, 71, 72, 73, 74, 76, 78, 79, 80, 82, 83, 85, 88, 90, 91, 93, 96, 97, 98, 99, 103, 105, 107, 108, 109, 110, 117, 119, 141, 142, 143, 144, 145, 146, 148, 149, 151, 152, 153, 154, 155, 156, 157, 158, 161, 162, 163, 164, 166, 168, 169, 170, 173, 174, 175, 176, 179, 180, 181, 183], "summary": {"covered_lines": 99, "num_statements": 136, "percent_covered": 65.04854368932038, "percent_covered_display": "65", "missing_lines": 37, "excluded_lines": 0, "percent_statements_covered": 72.79411764705883, "percent_statements_covered_display": "73", "num_branches": 70, "num_partial_branches": 15, "covered_branches": 35, "missing_branches": 35, "percent_branches_covered": 50.0, "percent_branches_covered_display": "50"}, "missing_lines": [43, 44, 45, 46, 59, 60, 61, 62, 63, 64, 65, 66, 67, 100, 101, 112, 113, 114, 115, 120, 121, 123, 125, 126, 127, 129, 130, 131, 133, 134, 137, 138, 139, 150, 171, 177, 184], "excluded_lines": [], "executed_branches": [[36, 37], [36, 47], [39, 40], [41, 42], [53, -49], [53, 54], [54, 55], [55, 58], [58, 70], [70, 71], [71, 72], [71, 73], [73, 74], [82, -76], [82, 83], [83, 85], [85, 88], [88, 90], [88, 93], [93, 96], [96, 97], [96, 98], [98, 99], [105, 107], [105, 117], [108, 109], [148, 149], [148, 153], [149, 151], [153, 154], [153, 157], [157, 158], [157, 161], [170, 173], [183, -1]], "missing_branches": [[39, 36], [41, 43], [43, 36], [43, 44], [44, 36], [44, 45], [54, -49], [55, 53], [58, 59], [59, 60], [59, 61], [61, 53], [61, 62], [63, 53], [63, 64], [66, 53], [66, 67], [70, 53], [73, 53], [83, -76], [85, 82], [93, 82], [98, 100], [100, 82], [100, 101], [108, 112], [123, 125], [123, 129], [130, 131], [130, 133], [137, -119], [137, 138], [149, 150], [170, 171], [183, 184]], "functions": {"buscar_devices": {"executed_lines": [34, 35, 36, 37, 38, 39, 40, 41, 42, 47], "summary": {"covered_lines": 10, "num_statements": 14, "percent_covered": 58.333333333333336, "percent_covered_display": "58", "missing_lines": 4, "excluded_lines": 0, "percent_statements_covered": 71.42857142857143, "percent_statements_covered_display": "71", "num_branches": 10, "num_partial_branches": 2, "covered_branches": 4, "missing_branches": 6, "percent_branches_covered": 40.0, "percent_branches_covered_display": "40"}, "missing_lines": [43, 44, 45, 46], "excluded_lines": [], "start_line": 33, "executed_branches": [[36, 37], [36, 47], [39, 40], [41, 42]], "missing_branches": [[39, 36], [41, 43], [43, 36], [43, 44], [44, 36], [44, 45]]}, "listener_teclado": {"executed_lines": [51, 52, 53, 54, 55, 58, 70, 71, 72, 73, 74], "summary": {"covered_lines": 11, "num_statements": 20, "percent_covered": 47.61904761904762, "percent_covered_display": "48", "missing_lines": 9, "excluded_lines": 0, "percent_statements_covered": 55.0, "percent_statements_covered_display": "55", "num_branches": 22, "num_partial_branches": 5, "covered_branches": 9, "missing_branches": 13, "percent_branches_covered": 40.90909090909091, "percent_branches_covered_display": "41"}, "missing_lines": [59, 60, 61, 62, 63, 64, 65, 66, 67], "excluded_lines": [], "start_line": 49, "executed_branches": [[53, -49], [53, 54], [54, 55], [55, 58], [58, 70], [70, 71], [71, 72], [71, 73], [73, 74]], "missing_branches": [[54, -49], [55, 53], [58, 59], [59, 60], [59, 61], [61, 53], [61, 62], [63, 53], [63, 64], [66, 53], [66, 67], [70, 53], [73, 53]]}, "listener_consumer": {"executed_lines": [78, 79, 80, 82, 83, 85, 88, 90, 91, 93, 96, 97, 98, 99], "summary": {"covered_lines": 14, "num_statements": 16, "percent_covered": 75.0, "percent_covered_display": "75", "missing_lines": 2, "excluded_lines": 0, "percent_statements_covered": 87.5, "percent_statements_covered_display": "88", "num_branches": 16, "num_partial_branches": 4, "covered_branches": 10, "missing_branches": 6, "percent_branches_covered": 62.5, "percent_branches_covered_display": "62"}, "missing_lines": [100, 101], "excluded_lines": [], "start_line": 76, "executed_branches": [[82, -76], [82, 83], [83, 85], [85, 88], [88, 90], [88, 93], [93, 96], [96, 97], [96, 98], [98, 99]], "missing_branches": [[83, -76], [85, 82], [93, 82], [98, 100], [100, 82], [100, 101]]}, "handle_signal": {"executed_lines": [105, 107, 108, 109, 110, 117], "summary": {"covered_lines": 6, "num_statements": 10, "percent_covered": 64.28571428571429, "percent_covered_display": "64", "missing_lines": 4, "excluded_lines": 0, "percent_statements_covered": 60.0, "percent_statements_covered_display": "60", "num_branches": 4, "num_partial_branches": 1, "covered_branches": 3, "missing_branches": 1, "percent_branches_covered": 75.0, "percent_branches_covered_display": "75"}, "missing_lines": [112, 113, 114, 115], "excluded_lines": [], "start_line": 103, "executed_branches": [[105, 107], [105, 117], [108, 109]], "missing_branches": [[108, 112]]}, "run_daemon": {"executed_lines": [], "summary": {"covered_lines": 0, "num_statements": 13, "percent_covered": 0.0, "percent_covered_display": "0", "missing_lines": 13, "excluded_lines": 0, "percent_statements_covered": 0.0, "percent_statements_covered_display": "0", "num_branches": 6, "num_partial_branches": 0, "covered_branches": 0, "missing_branches": 6, "percent_branches_covered": 0.0, "percent_branches_covered_display": "0"}, "missing_lines": [120, 121, 123, 125, 127, 129, 130, 131, 133, 134, 137, 138, 139], "excluded_lines": [], "start_line": 119, "executed_branches": [], "missing_branches": [[123, 125], [123, 129], [130, 131], [130, 133], [137, -119], [137, 138]]}, "run_daemon.create_handler": {"executed_lines": [], "summary": {"covered_lines": 0, "num_statements": 1, "percent_covered": 0.0, "percent_covered_display": "0", "missing_lines": 1, "excluded_lines": 0, "percent_statements_covered": 0.0, "percent_statements_covered_display": "0", "num_branches": 0, "num_partial_branches": 0, "covered_branches": 0, "missing_branches": 0, "percent_branches_covered": 100.0, "percent_branches_covered_display": "100"}, "missing_lines": [126], "excluded_lines": [], "start_line": 125, "executed_branches": [], "missing_branches": []}, "main": {"executed_lines": [142, 143, 144, 145, 146, 148, 149, 151, 152, 153, 154, 155, 156, 157, 158, 161, 162, 163, 164, 166, 168, 169, 170, 173, 174, 175, 176, 179, 180, 181], "summary": {"covered_lines": 30, "num_statements": 33, "percent_covered": 88.37209302325581, "percent_covered_display": "88", "missing_lines": 3, "excluded_lines": 0, "percent_statements_covered": 90.9090909090909, "percent_statements_covered_display": "91", "num_branches": 10, "num_partial_branches": 2, "covered_branches": 8, "missing_branches": 2, "percent_branches_covered": 80.0, "percent_branches_covered_display": "80"}, "missing_lines": [150, 171, 177], "excluded_lines": [], "start_line": 141, "executed_branches": [[148, 149], [148, 153], [149, 151], [153, 154], [153, 157], [157, 158], [157, 161], [170, 173]], "missing_branches": [[149, 150], [170, 171]]}, "": {"executed_lines": [2, 3, 4, 5, 6, 7, 8, 9, 10, 12, 14, 15, 16, 19, 20, 21, 22, 23, 25, 26, 31, 33, 49, 76, 103, 119, 141, 183], "summary": {"covered_lines": 28, "num_statements": 29, "percent_covered": 93.54838709677419, "percent_covered_display": "94", "missing_lines": 1, "excluded_lines": 0, "percent_statements_covered": 96.55172413793103, "percent_statements_covered_display": "97", "num_branches": 2, "num_partial_branches": 1, "covered_branches": 1, "missing_branches": 1, "percent_branches_covered": 50.0, "percent_branches_covered_display": "50"}, "missing_lines": [184], "excluded_lines": [], "start_line": 1, "executed_branches": [[183, -1]], "missing_branches": [[183, 184]]}}, "classes": {"": {"executed_lines": [2, 3, 4, 5, 6, 7, 8, 9, 10, 12, 14, 15, 16, 19, 20, 21, 22, 23, 25, 26, 31, 33, 34, 35, 36, 37, 38, 39, 40, 41, 42, 47, 49, 51, 52, 53, 54, 55, 58, 70, 71, 72, 73, 74, 76, 78, 79, 80, 82, 83, 85, 88, 90, 91, 93, 96, 97, 98, 99, 103, 105, 107, 108, 109, 110, 117, 119, 141, 142, 143, 144, 145, 146, 148, 149, 151, 152, 153, 154, 155, 156, 157, 158, 161, 162, 163, 164, 166, 168, 169, 170, 173, 174, 175, 176, 179, 180, 181, 183], "summary": {"covered_lines": 99, "num_statements": 136, "percent_covered": 65.04854368932038, "percent_covered_display": "65", "missing_lines": 37, "excluded_lines": 0, "percent_statements_covered": 72.79411764705883, "percent_statements_covered_display": "73", "num_branches": 70, "num_partial_branches": 15, "covered_branches": 35, "missing_branches": 35, "percent_branches_covered": 50.0, "percent_branches_covered_display": "50"}, "missing_lines": [43, 44, 45, 46, 59, 60, 61, 62, 63, 64, 65, 66, 67, 100, 101, 112, 113, 114, 115, 120, 121, 123, 125, 126, 127, 129, 130, 131, 133, 134, 137, 138, 139, 150, 171, 177, 184], "excluded_lines": [], "start_line": 1, "executed_branches": [[36, 37], [36, 47], [39, 40], [41, 42], [53, -49], [53, 54], [54, 55], [55, 58], [58, 70], [70, 71], [71, 72], [71, 73], [73, 74], [82, -76], [82, 83], [83, 85], [85, 88], [88, 90], [88, 93], [93, 96], [96, 97], [96, 98], [98, 99], [105, 107], [105, 117], [108, 109], [148, 149], [148, 153], [149, 151], [153, 154], [153, 157], [157, 158], [157, 161], [170, 173], [183, -1]], "missing_branches": [[39, 36], [41, 43], [43, 36], [43, 44], [44, 36], [44, 45], [54, -49], [55, 53], [58, 59], [59, 60], [59, 61], [61, 53], [61, 62], [63, 53], [63, 64], [66, 53], [66, 67], [70, 53], [73, 53], [83, -76], [85, 82], [93, 82], [98, 100], [100, 82], [100, 101], [108, 112], [123, 125], [123, 129], [130, 131], [130, 133], [137, -119], [137, 138], [149, 150], [170, 171], [183, 184]]}}}}, "totals": {"covered_lines": 641, "num_statements": 755, "percent_covered": 81.17519042437432, "percent_covered_display": "81", "missing_lines": 114, "excluded_lines": 0, "percent_statements_covered": 84.90066225165563, "percent_statements_covered_display": "85", "num_branches": 164, "num_partial_branches": 33, "covered_branches": 105, "missing_branches": 59, "percent_branches_covered": 64.02439024390245, "percent_branches_covered_display": "64"}}